<?xml version="1.0" encoding="UTF-8"?>
<testsuite xmlns:xsi="http://www.w3.org/2001/XMLSchema-instance" xsi:noNamespaceSchemaLocation="https://maven.apache.org/surefire/maven-surefire-plugin/xsd/surefire-test-report-3.0.xsd" version="3.0" name="runners.TestRunner" time="10.205" tests="4" errors="0" skipped="0" failures="0">
  <properties>
    <property name="java.specification.version" value="21"/>
    <property name="sun.cpu.isalist" value="amd64"/>
    <property name="sun.jnu.encoding" value="Cp1252"/>
    <property name="java.class.path" value="C:\Users\Sahil\Eclipse\eclipse-workspace\rest-assured-petstore\target\test-classes;C:\Users\Sahil\Eclipse\eclipse-workspace\rest-assured-petstore\target\classes;C:\Users\Sahil\.m2\repository\junit\junit\4.13.2\junit-4.13.2.jar;C:\Users\Sahil\.m2\repository\org\hamcrest\hamcrest-core\1.3\hamcrest-core-1.3.jar;C:\Users\Sahil\.m2\repository\io\cucumber\cucumber-java\7.23.0\cucumber-java-7.23.0.jar;C:\Users\Sahil\.m2\repository\io\cucumber\cucumber-core\7.23.0\cucumber-core-7.23.0.jar;C:\Users\Sahil\.m2\repository\io\cucumber\cucumber-gherkin\7.23.0\cucumber-gherkin-7.23.0.jar;C:\Users\Sahil\.m2\repository\io\cucumber\cucumber-gherkin-messages\7.23.0\cucumber-gherkin-messages-7.23.0.jar;C:\Users\Sahil\.m2\repository\io\cucumber\gherkin\32.1.1\gherkin-32.1.1.jar;C:\Users\Sahil\.m2\repository\io\cucumber\messages\27.2.0\messages-27.2.0.jar;C:\Users\Sahil\.m2\repository\io\cucumber\testng-xml-formatter\0.3.1\testng-xml-formatter-0.3.1.jar;C:\Users\Sahil\.m2\repository\io\cucumber\query\13.6.0\query-13.6.0.jar;C:\Users\Sahil\.m2\repository\io\cucumber\tag-expressions\6.1.2\tag-expressions-6.1.2.jar;C:\Users\Sahil\.m2\repository\io\cucumber\cucumber-expressions\18.0.1\cucumber-expressions-18.0.1.jar;C:\Users\Sahil\.m2\repository\io\cucumber\datatable\7.23.0\datatable-7.23.0.jar;C:\Users\Sahil\.m2\repository\io\cucumber\cucumber-plugin\7.23.0\cucumber-plugin-7.23.0.jar;C:\Users\Sahil\.m2\repository\io\cucumber\docstring\7.23.0\docstring-7.23.0.jar;C:\Users\Sahil\.m2\repository\io\cucumber\html-formatter\21.10.1\html-formatter-21.10.1.jar;C:\Users\Sahil\.m2\repository\io\cucumber\junit-xml-formatter\0.7.1\junit-xml-formatter-0.7.1.jar;C:\Users\Sahil\.m2\repository\io\cucumber\ci-environment\10.0.1\ci-environment-10.0.1.jar;C:\Users\Sahil\.m2\repository\org\apiguardian\apiguardian-api\1.1.2\apiguardian-api-1.1.2.jar;C:\Users\Sahil\.m2\repository\io\cucumber\cucumber-junit\7.20.1\cucumber-junit-7.20.1.jar;C:\Users\Sahil\.m2\repository\io\cucumber\cucumber-picocontainer\7.25.0\cucumber-picocontainer-7.25.0.jar;C:\Users\Sahil\.m2\repository\org\picocontainer\picocontainer\2.15.2\picocontainer-2.15.2.jar;C:\Users\Sahil\.m2\repository\io\rest-assured\rest-assured\5.5.5\rest-assured-5.5.5.jar;C:\Users\Sahil\.m2\repository\org\apache\groovy\groovy\4.0.22\groovy-4.0.22.jar;C:\Users\Sahil\.m2\repository\org\apache\groovy\groovy-xml\4.0.22\groovy-xml-4.0.22.jar;C:\Users\Sahil\.m2\repository\org\apache\httpcomponents\httpclient\4.5.13\httpclient-4.5.13.jar;C:\Users\Sahil\.m2\repository\org\apache\httpcomponents\httpcore\4.4.13\httpcore-4.4.13.jar;C:\Users\Sahil\.m2\repository\commons-logging\commons-logging\1.2\commons-logging-1.2.jar;C:\Users\Sahil\.m2\repository\commons-codec\commons-codec\1.11\commons-codec-1.11.jar;C:\Users\Sahil\.m2\repository\org\apache\httpcomponents\httpmime\4.5.13\httpmime-4.5.13.jar;C:\Users\Sahil\.m2\repository\org\ccil\cowan\tagsoup\tagsoup\1.2.1\tagsoup-1.2.1.jar;C:\Users\Sahil\.m2\repository\io\rest-assured\json-path\5.5.5\json-path-5.5.5.jar;C:\Users\Sahil\.m2\repository\org\apache\groovy\groovy-json\4.0.22\groovy-json-4.0.22.jar;C:\Users\Sahil\.m2\repository\io\rest-assured\rest-assured-common\5.5.5\rest-assured-common-5.5.5.jar;C:\Users\Sahil\.m2\repository\io\rest-assured\xml-path\5.5.5\xml-path-5.5.5.jar;C:\Users\Sahil\.m2\repository\org\apache\commons\commons-lang3\3.16.0\commons-lang3-3.16.0.jar;C:\Users\Sahil\.m2\repository\io\rest-assured\json-schema-validator\5.5.0\json-schema-validator-5.5.0.jar;C:\Users\Sahil\.m2\repository\com\github\java-json-tools\json-schema-validator\2.2.14\json-schema-validator-2.2.14.jar;C:\Users\Sahil\.m2\repository\com\github\java-json-tools\jackson-coreutils-equivalence\1.0\jackson-coreutils-equivalence-1.0.jar;C:\Users\Sahil\.m2\repository\com\github\java-json-tools\jackson-coreutils\2.0\jackson-coreutils-2.0.jar;C:\Users\Sahil\.m2\repository\com\github\java-json-tools\msg-simple\1.2\msg-simple-1.2.jar;C:\Users\Sahil\.m2\repository\com\github\java-json-tools\btf\1.3\btf-1.3.jar;C:\Users\Sahil\.m2\repository\com\github\java-json-tools\json-schema-core\1.2.14\json-schema-core-1.2.14.jar;C:\Users\Sahil\.m2\repository\com\github\java-json-tools\uri-template\0.10\uri-template-0.10.jar;C:\Users\Sahil\.m2\repository\org\mozilla\rhino\1.7.7.2\rhino-1.7.7.2.jar;C:\Users\Sahil\.m2\repository\com\sun\mail\mailapi\1.6.2\mailapi-1.6.2.jar;C:\Users\Sahil\.m2\repository\joda-time\joda-time\2.10.5\joda-time-2.10.5.jar;C:\Users\Sahil\.m2\repository\com\googlecode\libphonenumber\libphonenumber\8.11.1\libphonenumber-8.11.1.jar;C:\Users\Sahil\.m2\repository\com\google\code\findbugs\jsr305\3.0.2\jsr305-3.0.2.jar;C:\Users\Sahil\.m2\repository\net\sf\jopt-simple\jopt-simple\5.0.4\jopt-simple-5.0.4.jar;C:\Users\Sahil\.m2\repository\com\google\guava\guava\33.2.1-jre\guava-33.2.1-jre.jar;C:\Users\Sahil\.m2\repository\com\google\guava\failureaccess\1.0.2\failureaccess-1.0.2.jar;C:\Users\Sahil\.m2\repository\com\google\guava\listenablefuture\9999.0-empty-to-avoid-conflict-with-guava\listenablefuture-9999.0-empty-to-avoid-conflict-with-guava.jar;C:\Users\Sahil\.m2\repository\org\checkerframework\checker-qual\3.42.0\checker-qual-3.42.0.jar;C:\Users\Sahil\.m2\repository\com\google\errorprone\error_prone_annotations\2.26.1\error_prone_annotations-2.26.1.jar;C:\Users\Sahil\.m2\repository\com\google\j2objc\j2objc-annotations\3.0.0\j2objc-annotations-3.0.0.jar;C:\Users\Sahil\.m2\repository\org\hamcrest\hamcrest\3.0\hamcrest-3.0.jar;C:\Users\Sahil\.m2\repository\com\fasterxml\jackson\core\jackson-databind\2.18.3\jackson-databind-2.18.3.jar;C:\Users\Sahil\.m2\repository\com\fasterxml\jackson\core\jackson-annotations\2.18.3\jackson-annotations-2.18.3.jar;C:\Users\Sahil\.m2\repository\com\fasterxml\jackson\core\jackson-core\2.18.3\jackson-core-2.18.3.jar;"/>
    <property name="java.vm.vendor" value="Oracle Corporation"/>
    <property name="sun.arch.data.model" value="64"/>
    <property name="user.variant" value=""/>
    <property name="java.vendor.url" value="https://java.oracle.com/"/>
    <property name="user.timezone" value="Asia/Calcutta"/>
    <property name="os.name" value="Windows 11"/>
    <property name="java.vm.specification.version" value="21"/>
    <property name="sun.java.launcher" value="SUN_STANDARD"/>
    <property name="user.country" value="IN"/>
    <property name="sun.boot.library.path" value="C:\Program Files\Java\jdk-21\bin"/>
    <property name="sun.java.command" value="C:\Users\Sahil\AppData\Local\Temp\surefire4379383956060220757\surefirebooter-20250828185429350_3.jar C:\Users\Sahil\AppData\Local\Temp\surefire4379383956060220757 2025-08-28T18-54-29_232-jvmRun1 surefire-20250828185429350_1tmp surefire_0-20250828185429350_2tmp"/>
    <property name="jdk.debug" value="release"/>
    <property name="surefire.test.class.path" value="C:\Users\Sahil\Eclipse\eclipse-workspace\rest-assured-petstore\target\test-classes;C:\Users\Sahil\Eclipse\eclipse-workspace\rest-assured-petstore\target\classes;C:\Users\Sahil\.m2\repository\junit\junit\4.13.2\junit-4.13.2.jar;C:\Users\Sahil\.m2\repository\org\hamcrest\hamcrest-core\1.3\hamcrest-core-1.3.jar;C:\Users\Sahil\.m2\repository\io\cucumber\cucumber-java\7.23.0\cucumber-java-7.23.0.jar;C:\Users\Sahil\.m2\repository\io\cucumber\cucumber-core\7.23.0\cucumber-core-7.23.0.jar;C:\Users\Sahil\.m2\repository\io\cucumber\cucumber-gherkin\7.23.0\cucumber-gherkin-7.23.0.jar;C:\Users\Sahil\.m2\repository\io\cucumber\cucumber-gherkin-messages\7.23.0\cucumber-gherkin-messages-7.23.0.jar;C:\Users\Sahil\.m2\repository\io\cucumber\gherkin\32.1.1\gherkin-32.1.1.jar;C:\Users\Sahil\.m2\repository\io\cucumber\messages\27.2.0\messages-27.2.0.jar;C:\Users\Sahil\.m2\repository\io\cucumber\testng-xml-formatter\0.3.1\testng-xml-formatter-0.3.1.jar;C:\Users\Sahil\.m2\repository\io\cucumber\query\13.6.0\query-13.6.0.jar;C:\Users\Sahil\.m2\repository\io\cucumber\tag-expressions\6.1.2\tag-expressions-6.1.2.jar;C:\Users\Sahil\.m2\repository\io\cucumber\cucumber-expressions\18.0.1\cucumber-expressions-18.0.1.jar;C:\Users\Sahil\.m2\repository\io\cucumber\datatable\7.23.0\datatable-7.23.0.jar;C:\Users\Sahil\.m2\repository\io\cucumber\cucumber-plugin\7.23.0\cucumber-plugin-7.23.0.jar;C:\Users\Sahil\.m2\repository\io\cucumber\docstring\7.23.0\docstring-7.23.0.jar;C:\Users\Sahil\.m2\repository\io\cucumber\html-formatter\21.10.1\html-formatter-21.10.1.jar;C:\Users\Sahil\.m2\repository\io\cucumber\junit-xml-formatter\0.7.1\junit-xml-formatter-0.7.1.jar;C:\Users\Sahil\.m2\repository\io\cucumber\ci-environment\10.0.1\ci-environment-10.0.1.jar;C:\Users\Sahil\.m2\repository\org\apiguardian\apiguardian-api\1.1.2\apiguardian-api-1.1.2.jar;C:\Users\Sahil\.m2\repository\io\cucumber\cucumber-junit\7.20.1\cucumber-junit-7.20.1.jar;C:\Users\Sahil\.m2\repository\io\cucumber\cucumber-picocontainer\7.25.0\cucumber-picocontainer-7.25.0.jar;C:\Users\Sahil\.m2\repository\org\picocontainer\picocontainer\2.15.2\picocontainer-2.15.2.jar;C:\Users\Sahil\.m2\repository\io\rest-assured\rest-assured\5.5.5\rest-assured-5.5.5.jar;C:\Users\Sahil\.m2\repository\org\apache\groovy\groovy\4.0.22\groovy-4.0.22.jar;C:\Users\Sahil\.m2\repository\org\apache\groovy\groovy-xml\4.0.22\groovy-xml-4.0.22.jar;C:\Users\Sahil\.m2\repository\org\apache\httpcomponents\httpclient\4.5.13\httpclient-4.5.13.jar;C:\Users\Sahil\.m2\repository\org\apache\httpcomponents\httpcore\4.4.13\httpcore-4.4.13.jar;C:\Users\Sahil\.m2\repository\commons-logging\commons-logging\1.2\commons-logging-1.2.jar;C:\Users\Sahil\.m2\repository\commons-codec\commons-codec\1.11\commons-codec-1.11.jar;C:\Users\Sahil\.m2\repository\org\apache\httpcomponents\httpmime\4.5.13\httpmime-4.5.13.jar;C:\Users\Sahil\.m2\repository\org\ccil\cowan\tagsoup\tagsoup\1.2.1\tagsoup-1.2.1.jar;C:\Users\Sahil\.m2\repository\io\rest-assured\json-path\5.5.5\json-path-5.5.5.jar;C:\Users\Sahil\.m2\repository\org\apache\groovy\groovy-json\4.0.22\groovy-json-4.0.22.jar;C:\Users\Sahil\.m2\repository\io\rest-assured\rest-assured-common\5.5.5\rest-assured-common-5.5.5.jar;C:\Users\Sahil\.m2\repository\io\rest-assured\xml-path\5.5.5\xml-path-5.5.5.jar;C:\Users\Sahil\.m2\repository\org\apache\commons\commons-lang3\3.16.0\commons-lang3-3.16.0.jar;C:\Users\Sahil\.m2\repository\io\rest-assured\json-schema-validator\5.5.0\json-schema-validator-5.5.0.jar;C:\Users\Sahil\.m2\repository\com\github\java-json-tools\json-schema-validator\2.2.14\json-schema-validator-2.2.14.jar;C:\Users\Sahil\.m2\repository\com\github\java-json-tools\jackson-coreutils-equivalence\1.0\jackson-coreutils-equivalence-1.0.jar;C:\Users\Sahil\.m2\repository\com\github\java-json-tools\jackson-coreutils\2.0\jackson-coreutils-2.0.jar;C:\Users\Sahil\.m2\repository\com\github\java-json-tools\msg-simple\1.2\msg-simple-1.2.jar;C:\Users\Sahil\.m2\repository\com\github\java-json-tools\btf\1.3\btf-1.3.jar;C:\Users\Sahil\.m2\repository\com\github\java-json-tools\json-schema-core\1.2.14\json-schema-core-1.2.14.jar;C:\Users\Sahil\.m2\repository\com\github\java-json-tools\uri-template\0.10\uri-template-0.10.jar;C:\Users\Sahil\.m2\repository\org\mozilla\rhino\1.7.7.2\rhino-1.7.7.2.jar;C:\Users\Sahil\.m2\repository\com\sun\mail\mailapi\1.6.2\mailapi-1.6.2.jar;C:\Users\Sahil\.m2\repository\joda-time\joda-time\2.10.5\joda-time-2.10.5.jar;C:\Users\Sahil\.m2\repository\com\googlecode\libphonenumber\libphonenumber\8.11.1\libphonenumber-8.11.1.jar;C:\Users\Sahil\.m2\repository\com\google\code\findbugs\jsr305\3.0.2\jsr305-3.0.2.jar;C:\Users\Sahil\.m2\repository\net\sf\jopt-simple\jopt-simple\5.0.4\jopt-simple-5.0.4.jar;C:\Users\Sahil\.m2\repository\com\google\guava\guava\33.2.1-jre\guava-33.2.1-jre.jar;C:\Users\Sahil\.m2\repository\com\google\guava\failureaccess\1.0.2\failureaccess-1.0.2.jar;C:\Users\Sahil\.m2\repository\com\google\guava\listenablefuture\9999.0-empty-to-avoid-conflict-with-guava\listenablefuture-9999.0-empty-to-avoid-conflict-with-guava.jar;C:\Users\Sahil\.m2\repository\org\checkerframework\checker-qual\3.42.0\checker-qual-3.42.0.jar;C:\Users\Sahil\.m2\repository\com\google\errorprone\error_prone_annotations\2.26.1\error_prone_annotations-2.26.1.jar;C:\Users\Sahil\.m2\repository\com\google\j2objc\j2objc-annotations\3.0.0\j2objc-annotations-3.0.0.jar;C:\Users\Sahil\.m2\repository\org\hamcrest\hamcrest\3.0\hamcrest-3.0.jar;C:\Users\Sahil\.m2\repository\com\fasterxml\jackson\core\jackson-databind\2.18.3\jackson-databind-2.18.3.jar;C:\Users\Sahil\.m2\repository\com\fasterxml\jackson\core\jackson-annotations\2.18.3\jackson-annotations-2.18.3.jar;C:\Users\Sahil\.m2\repository\com\fasterxml\jackson\core\jackson-core\2.18.3\jackson-core-2.18.3.jar;"/>
    <property name="sun.cpu.endian" value="little"/>
    <property name="user.home" value="C:\Users\Sahil"/>
    <property name="user.language" value="en"/>
    <property name="java.specification.vendor" value="Oracle Corporation"/>
    <property name="java.version.date" value="2025-07-15"/>
    <property name="java.home" value="C:\Program Files\Java\jdk-21"/>
    <property name="file.separator" value="\"/>
    <property name="basedir" value="C:\Users\Sahil\Eclipse\eclipse-workspace\rest-assured-petstore"/>
    <property name="java.vm.compressedOopsMode" value="Zero based"/>
    <property name="line.separator" value="&#10;"/>
    <property name="java.vm.specification.vendor" value="Oracle Corporation"/>
    <property name="java.specification.name" value="Java Platform API Specification"/>
    <property name="surefire.real.class.path" value="C:\Users\Sahil\AppData\Local\Temp\surefire4379383956060220757\surefirebooter-20250828185429350_3.jar"/>
    <property name="user.script" value=""/>
    <property name="sun.management.compiler" value="HotSpot 64-Bit Tiered Compilers"/>
    <property name="java.runtime.version" value="21.0.8+12-LTS-250"/>
    <property name="user.name" value="Sahil"/>
    <property name="stdout.encoding" value="Cp1252"/>
    <property name="path.separator" value=";"/>
    <property name="os.version" value="10.0"/>
    <property name="java.runtime.name" value="Java(TM) SE Runtime Environment"/>
    <property name="file.encoding" value="UTF-8"/>
    <property name="java.vm.name" value="Java HotSpot(TM) 64-Bit Server VM"/>
    <property name="localRepository" value="C:\Users\Sahil\.m2\repository"/>
    <property name="java.vendor.url.bug" value="https://bugreport.java.com/bugreport/"/>
    <property name="java.io.tmpdir" value="C:\Users\Sahil\AppData\Local\Temp\"/>
    <property name="java.version" value="21.0.8"/>
    <property name="user.dir" value="C:\Users\Sahil\Eclipse\eclipse-workspace\rest-assured-petstore"/>
    <property name="os.arch" value="amd64"/>
    <property name="java.vm.specification.name" value="Java Virtual Machine Specification"/>
    <property name="sun.os.patch.level" value=""/>
    <property name="native.encoding" value="Cp1252"/>
    <property name="java.library.path" value="C:\Program Files\Java\jdk-21\bin;C:\WINDOWS\Sun\Java\bin;C:\WINDOWS\system32;C:\WINDOWS;C:/Users/Sahil/.p2/pool/plugins/org.eclipse.justj.openjdk.hotspot.jre.full.win32.x86_64_23.0.1.v20241024-1700/jre/bin/server;C:/Users/Sahil/.p2/pool/plugins/org.eclipse.justj.openjdk.hotspot.jre.full.win32.x86_64_23.0.1.v20241024-1700/jre/bin;C:\Program Files\Common Files\Oracle\Java\javapath;C:\WINDOWS\system32;C:\WINDOWS;C:\WINDOWS\System32\Wbem;C:\WINDOWS\System32\WindowsPowerShell\v1.0\;C:\WINDOWS\System32\OpenSSH\;C:\Program Files (x86)\Microsoft SQL Server\160\Tools\Binn\;C:\Program Files\Microsoft SQL Server\160\Tools\Binn\;C:\Program Files\Microsoft SQL Server\Client SDK\ODBC\170\Tools\Binn\;C:\Program Files\Microsoft SQL Server\160\DTS\Binn\;C:\Program Files (x86)\Microsoft SQL Server\160\DTS\Binn\;C:\Program Files\Git\cmd;C:\Program Files\dotnet\;C:\Program Files\nodejs\;C:\Program Files\Microsoft SQL Server\150\Tools\Binn\;C:\Program Files\Java\jdk-21\bin;C:\Users\Sahil\Eclipse\apache-maven-3.9.11\bin;C:\Users\Sahil\AppData\Local\Programs\Python\Python312\Scripts\;C:\Users\Sahil\AppData\Local\Programs\Python\Python312\;C:\Users\Sahil\AppData\Local\Microsoft\WindowsApps;;C:\Users\Sahil\AppData\Local\Programs\Microsoft VS Code\bin;C:\Users\Sahil\.dotnet\tools;C:\Users\Sahil\AppData\Roaming\npm;C:\Users\Sahil\Desktop;;."/>
    <property name="java.vm.info" value="mixed mode, sharing"/>
    <property name="stderr.encoding" value="Cp1252"/>
    <property name="java.vendor" value="Oracle Corporation"/>
    <property name="java.vm.version" value="21.0.8+12-LTS-250"/>
    <property name="sun.io.unicode.encoding" value="UnicodeLittle"/>
    <property name="java.class.version" value="65.0"/>
  </properties>
  <testcase name="GET - Find a Pet by Id" classname="Pets feature" time="3.521">
    <system-out><![CDATA[
@APItest @Pets @GET
Scenario Outline: GET - Find a Pet by Id         &amp#27;[90m# src/test/resources/features/pet.feature:13&amp#27;[0m
src/test/resources/config.properties
  &amp#27;[32mGiven &amp#27;[0m&amp#27;[32mPetstore swagger service is available&amp#27;[0m    &amp#27;[90m# stepDefinitions.PetStepDefinitions.petstore_swagger_service_is_available()&amp#27;[0m
  &amp#27;[32mAnd &amp#27;[0m&amp#27;[32mendpoint to hit is &amp#27;[0m&amp#27;[32m&amp#27;[1m"/pet/13"&amp#27;[0m               &amp#27;[90m# stepDefinitions.PetStepDefinitions.endpoint_to_hit_is(java.lang.String)&amp#27;[0m
  &amp#27;[32mWhen &amp#27;[0m&amp#27;[32mI retrieve the pet by its ID&amp#27;[0m              &amp#27;[90m# stepDefinitions.PetStepDefinitions.i_retrieve_the_pet_by_its_id()&amp#27;[0m
HTTP/1.1 200 OK
Date: Thu, 28 Aug 2025 13:24:33 GMT
Content-Type: application/json
Transfer-Encoding: chunked
Connection: keep-alive
Access-Control-Allow-Origin: *
Access-Control-Allow-Methods: GET, POST, DELETE, PUT
Access-Control-Allow-Headers: Content-Type, api_key, Authorization
Server: Jetty(9.2.9.v20150224)

{
    "id": 13,
    "category": {
        "id": 0,
        "name": "cats"
    },
    "photoUrls": [
        "string"
    ],
    "tags": [
        {
            "id": 0,
            "name": "string"
        }
    ],
    "status": "sold"
}
  &amp#27;[32mThen &amp#27;[0m&amp#27;[32mresponse status code should be &amp#27;[0m&amp#27;[32m&amp#27;[1m200&amp#27;[0m        &amp#27;[90m# stepDefinitions.PetStepDefinitions.response_status_code_should_be(java.lang.Integer)&amp#27;[0m
  &amp#27;[32mAnd &amp#27;[0m&amp#27;[32mresponse should contain the same pet ID &amp#27;[0m&amp#27;[32m&amp#27;[1m13&amp#27;[0m &amp#27;[90m# stepDefinitions.PetStepDefinitions.response_should_contain_the_same_pet_id(java.lang.Integer)&amp#27;[0m
]]></system-out>
  </testcase>
  <testcase name="GET - Find Pets by Status" classname="Pets feature" time="2.351">
    <system-out><![CDATA[
@APItest @Pets @GET
Scenario Outline: GET - Find Pets by Status                 &amp#27;[90m# src/test/resources/features/pet.feature:24&amp#27;[0m
src/test/resources/config.properties
  &amp#27;[32mGiven &amp#27;[0m&amp#27;[32mPetstore swagger service is available&amp#27;[0m               &amp#27;[90m# stepDefinitions.PetStepDefinitions.petstore_swagger_service_is_available()&amp#27;[0m
  &amp#27;[32mAnd &amp#27;[0m&amp#27;[32mendpoint to hit is &amp#27;[0m&amp#27;[32m&amp#27;[1m"/pet/findByStatus"&amp#27;[0m                &amp#27;[90m# stepDefinitions.PetStepDefinitions.endpoint_to_hit_is(java.lang.String)&amp#27;[0m
  &amp#27;[32mWhen &amp#27;[0m&amp#27;[32mI retrieve the pets by their status &amp#27;[0m&amp#27;[32m&amp#27;[1m"available"&amp#27;[0m      &amp#27;[90m# stepDefinitions.PetStepDefinitions.i_retrieve_the_pets_by_their_status(java.lang.String)&amp#27;[0m
HTTP/1.1 200 OK
Date: Thu, 28 Aug 2025 13:24:35 GMT
Content-Type: application/json
Transfer-Encoding: chunked
Connection: keep-alive
Access-Control-Allow-Origin: *
Access-Control-Allow-Methods: GET, POST, DELETE, PUT
Access-Control-Allow-Headers: Content-Type, api_key, Authorization
Server: Jetty(9.2.9.v20150224)

[
    {
        "id": 760,
        "category": {
            "id": 760,
            "name": "string"
        },
        "name": "doggie",
        "photoUrls": [
            "string"
        ],
        "tags": [
            {
                "id": 760,
                "name": "dog"
            }
        ],
        "status": "available"
    },
    {
        "id": 300,
        "category": {
            "id": 300,
            "name": "string"
        },
        "name": "doggie",
        "photoUrls": [
            "string"
        ],
        "tags": [
            {
                "id": 300,
                "name": "dog"
            }
        ],
        "status": "available"
    },
    {
        "id": 247,
        "category": {
            "id": 247,
            "name": "string"
        },
        "name": "doggie",
        "photoUrls": [
            "string"
        ],
        "tags": [
            {
                "id": 247,
                "name": "dog"
            }
        ],
        "status": "available"
    },
    {
        "id": 9223372036854740566,
        "category": {
            "id": 0,
            "name": "string"
        },
        "name": "fish",
        "photoUrls": [
            "string"
        ],
        "tags": [
            {
                "id": 0,
                "name": "string"
            }
        ],
        "status": "available"
    },
    {
        "id": 428,
        "category": {
            "id": 428,
            "name": "string"
        },
        "name": "doggie",
        "photoUrls": [
            "string"
        ],
        "tags": [
            {
                "id": 428,
                "name": "dog"
            }
        ],
        "status": "available"
    },
    {
        "id": 626,
        "category": {
            "id": 1,
            "name": "back-end"
        },
        "name": "e-markets",
        "photoUrls": [
            "https://luna.name"
        ],
        "tags": [
            {
                "id": 77,
                "name": "friendly"
            },
            {
                "id": 24,
                "name": "1080p"
            }
        ],
        "status": "available"
    },
    {
        "id": 921,
        "category": {
            "id": 921,
            "name": "string"
        },
        "name": "doggie",
        "photoUrls": [
            "string"
        ],
        "tags": [
            {
                "id": 921,
                "name": "dog"
            }
        ],
        "status": "available"
    },
    {
        "id": 608,
        "category": {
            "id": 608,
            "name": "string"
        },
        "name": "doggie",
        "photoUrls": [
            "string"
        ],
        "tags": [
            {
                "id": 608,
                "name": "dog"
            }
        ],
        "status": "available"
    },
    {
        "id": 982,
        "category": {
            "id": 982,
            "name": "string"
        },
        "name": "doggie",
        "photoUrls": [
            "string"
        ],
        "tags": [
            {
                "id": 982,
                "name": "dog"
            }
        ],
        "status": "available"
    },
    {
        "id": 787,
        "category": {
            "id": 787,
            "name": "string"
        },
        "name": "doggie",
        "photoUrls": [
            "string"
        ],
        "tags": [
            {
                "id": 787,
                "name": "dog"
            }
        ],
        "status": "available"
    },
    {
        "id": 9223372036854740568,
        "name": "doggie",
        "photoUrls": [
            "string"
        ],
        "tags": [
            
        ],
        "status": "available"
    },
    {
        "id": 761,
        "category": {
            "id": 761,
            "name": "string"
        },
        "name": "doggie",
        "photoUrls": [
            "string"
        ],
        "tags": [
            {
                "id": 761,
                "name": "dog"
            }
        ],
        "status": "available"
    },
    {
        "id": 9223372036854740569,
        "category": {
            "id": 0,
            "name": "string"
        },
        "name": "doggie",
        "photoUrls": [
            "string"
        ],
        "tags": [
            {
                "id": 0,
                "name": "string"
            }
        ],
        "status": "available"
    },
    {
        "id": 9223372036854774012,
        "category": {
            "id": 0,
            "name": "string"
        },
        "name": "fish",
        "photoUrls": [
            "string"
        ],
        "tags": [
            {
                "id": 0,
                "name": "string"
            }
        ],
        "status": "available"
    },
    {
        "id": 9223372036854774024,
        "category": {
            "id": 0,
            "name": "string"
        },
        "name": "fish",
        "photoUrls": [
            "string"
        ],
        "tags": [
            {
                "id": 0,
                "name": "string"
            }
        ],
        "status": "available"
    },
    {
        "id": 9223372036854774025,
        "category": {
            "id": 0,
            "name": "string"
        },
        "name": "fish",
        "photoUrls": [
            "string"
        ],
        "tags": [
            {
                "id": 0,
                "name": "string"
            }
        ],
        "status": "available"
    },
    {
        "id": 9223372036854774037,
        "category": {
            "id": 0,
            "name": "dog"
        },
        "name": "scoby",
        "photoUrls": [
            "string"
        ],
        "tags": [
            {
                "id": 0,
                "name": "string"
            }
        ],
        "status": "available"
    },
    {
        "id": 9223372036854774038,
        "category": {
            "id": 0,
            "name": "dog"
        },
        "name": "scoby",
        "photoUrls": [
            "string"
        ],
        "tags": [
            {
                "id": 0,
                "name": "string"
            }
        ],
        "status": "available"
    },
    {
        "id": 9223372036854774039,
        "category": {
            "id": 0,
            "name": "string"
        },
        "name": "doggie",
        "photoUrls": [
            "string"
        ],
        "tags": [
            {
                "id": 0,
                "name": "string"
            }
        ],
        "status": "available"
    },
    {
        "id": 9223372036854774045,
        "category": {
            "id": 0,
            "name": "string"
        },
        "name": "fish",
        "photoUrls": [
            "string"
        ],
        "tags": [
            {
                "id": 0,
                "name": "string"
            }
        ],
        "status": "available"
    },
    {
        "id": 9223372036854774054,
        "category": {
            "id": 0,
            "name": "string"
        },
        "name": "doggie",
        "photoUrls": [
            "string"
        ],
        "tags": [
            {
                "id": 0,
                "name": "string"
            }
        ],
        "status": "available"
    },
    {
        "id": 609,
        "category": {
            "id": 4,
            "name": "Dog"
        },
        "name": "weasel",
        "photoUrls": [
            "www.amos-kilback.info"
        ],
        "tags": [
            {
                "id": 5,
                "name": "cute"
            }
        ],
        "status": "available"
    },
    {
        "id": 9223372036854774058,
        "category": {
            "id": 0,
            "name": "string"
        },
        "name": "fish",
        "photoUrls": [
            "string"
        ],
        "tags": [
            {
                "id": 0,
                "name": "string"
            }
        ],
        "status": "available"
    },
    {
        "id": 9223372036854774059,
        "category": {
            "id": 0,
            "name": "string"
        },
        "name": "fish",
        "photoUrls": [
            "string"
        ],
        "tags": [
            {
                "id": 0,
                "name": "string"
            }
        ],
        "status": "available"
    },
    {
        "id": 9223372036854774069,
        "category": {
            "id": 0,
            "name": "string"
        },
        "name": "doggie",
        "photoUrls": [
            "string"
        ],
        "tags": [
            {
                "id": 0,
                "name": "string"
            }
        ],
        "status": "available"
    },
    {
        "id": 550,
        "category": {
            "id": 1,
            "name": "Dog"
        },
        "name": "platypus",
        "photoUrls": [
            "www.harley-wisoky.biz"
        ],
        "tags": [
            {
                "id": 13,
                "name": "cute"
            }
        ],
        "status": "available"
    },
    {
        "id": 835,
        "category": {
            "id": 4,
            "name": "Dog"
        },
        "name": "cattle",
        "photoUrls": [
            "www.gerri-fisher.co"
        ],
        "tags": [
            {
                "id": 10,
                "name": "cute"
            }
        ],
        "status": "available"
    },
    {
        "id": 9222968140491042131,
        "category": {
            "id": 0,
            "name": "string"
        },
        "name": "doggie",
        "photoUrls": [
            "string"
        ],
        "tags": [
            {
                "id": 0,
                "name": "string"
            }
        ],
        "status": "available"
    },
    {
        "id": 9223372036854774086,
        "category": {
            "id": 0,
            "name": "string"
        },
        "name": "doggie",
        "photoUrls": [
            "string"
        ],
        "tags": [
            {
                "id": 0,
                "name": "string"
            }
        ],
        "status": "available"
    },
    {
        "id": 9223372036854774087,
        "category": {
            "id": 0,
            "name": "string"
        },
        "name": "doggie",
        "photoUrls": [
            "string"
        ],
        "tags": [
            {
                "id": 0,
                "name": "string"
            }
        ],
        "status": "available"
    },
    {
        "id": 9223372036854774088,
        "category": {
            "id": 0,
            "name": "string"
        },
        "name": "doggie",
        "photoUrls": [
            "string"
        ],
        "tags": [
            {
                "id": 0,
                "name": "string"
            }
        ],
        "status": "available"
    },
    {
        "id": 9223372036854774089,
        "category": {
            "id": 122,
            "name": "dog-09"
        },
        "name": "Dumbo",
        "photoUrls": [
            
        ],
        "tags": [
            {
                "id": 2,
                "name": ""
            }
        ],
        "status": "available"
    },
    {
        "id": 450,
        "category": {
            "id": 2,
            "name": "Dog"
        },
        "name": "cricket",
        "photoUrls": [
            "www.gus-powlowski.net"
        ],
        "tags": [
            {
                "id": 10,
                "name": "cute"
            }
        ],
        "status": "available"
    },
    {
        "id": 9223372036854774098,
        "category": {
            "id": 0,
            "name": "string"
        },
        "name": "fish",
        "photoUrls": [
            "string"
        ],
        "tags": [
            {
                "id": 0,
                "name": "string"
            }
        ],
        "status": "available"
    },
    {
        "id": 12,
        "category": {
            "id": 1,
            "name": "string"
        },
        "name": "doggie",
        "photoUrls": [
            "string"
        ],
        "tags": [
            {
                "id": 1,
                "name": "string"
            }
        ],
        "status": "available"
    },
    {
        "id": 3822142075631526000,
        "category": {
            "id": 7339223657405034000,
            "name": "TheodoreDeckow"
        },
        "name": "qhtced",
        "photoUrls": [
            "https://husky-salami.com/"
        ],
        "tags": [
            {
                "id": 14573801859690132,
                "name": "KellySchroederMD"
            }
        ],
        "status": "available"
    },
    {
        "id": 699172358961195100,
        "category": {
            "id": 1206345976507148500,
            "name": "BlakeSpinka"
        },
        "name": "doggie",
        "photoUrls": [
            "https://eager-pruner.net/"
        ],
        "tags": [
            {
                "id": 89983301144893040,
                "name": "RubenCummerata"
            }
        ],
        "status": "available"
    },
    {
        "id": 216,
        "category": {
            "id": 3,
            "name": "Dog"
        },
        "name": "llama",
        "photoUrls": [
            "www.franklyn-boyle.org"
        ],
        "tags": [
            {
                "id": 10,
                "name": "cute"
            }
        ],
        "status": "available"
    },
    {
        "id": 9223372036854774158,
        "category": {
            "id": 0,
            "name": "string"
        },
        "name": "fish",
        "photoUrls": [
            "string"
        ],
        "tags": [
            {
                "id": 0,
                "name": "string"
            }
        ],
        "status": "available"
    },
    {
        "id": 9223372036854774159,
        "category": {
            "id": 0,
            "name": "string"
        },
        "name": "fish",
        "photoUrls": [
            "string"
        ],
        "tags": [
            {
                "id": 0,
                "name": "string"
            }
        ],
        "status": "available"
    },
    {
        "id": 9223372036854774168,
        "category": {
            "id": 0,
            "name": "string"
        },
        "name": "doggie",
        "photoUrls": [
            "string"
        ],
        "tags": [
            {
                "id": 0,
                "name": "string"
            }
        ],
        "status": "available"
    },
    {
        "id": 9223372036854774170,
        "category": {
            "id": 0,
            "name": "string"
        },
        "name": "fish",
        "photoUrls": [
            "string"
        ],
        "tags": [
            {
                "id": 0,
                "name": "string"
            }
        ],
        "status": "available"
    },
    {
        "id": 916,
        "category": {
            "id": 916,
            "name": "string"
        },
        "name": "doggie",
        "photoUrls": [
            "string"
        ],
        "tags": [
            {
                "id": 916,
                "name": "dog"
            }
        ],
        "status": "available"
    },
    {
        "id": 404,
        "category": {
            "id": 404,
            "name": "string"
        },
        "name": "doggie",
        "photoUrls": [
            "string"
        ],
        "tags": [
            {
                "id": 404,
                "name": "dog"
            }
        ],
        "status": "available"
    },
    {
        "id": 9223372036854774175,
        "category": {
            "id": 0,
            "name": "string"
        },
        "name": "doggie",
        "photoUrls": [
            "string"
        ],
        "tags": [
            {
                "id": 0,
                "name": "string"
            }
        ],
        "status": "available"
    },
    {
        "id": 143,
        "category": {
            "id": 1,
            "name": "Dog"
        },
        "name": "ant",
        "photoUrls": [
            "www.jestine-bradtke.com"
        ],
        "tags": [
            {
                "id": 5,
                "name": "cute"
            }
        ],
        "status": "available"
    },
    {
        "id": 1001,
        "category": {
            "id": 0,
            "name": "Dog"
        },
        "name": "Updated big doggie",
        "photoUrls": [
            "string"
        ],
        "tags": [
            {
                "id": 0,
                "name": "Dog"
            }
        ],
        "status": "available"
    },
    {
        "id": 620,
        "category": {
            "id": 2,
            "name": "Dog"
        },
        "name": "snake",
        "photoUrls": [
            "www.khadijah-bode.org"
        ],
        "tags": [
            {
                "id": 14,
                "name": "cute"
            }
        ],
        "status": "available"
    },
    {
        "id": 387,
        "category": {
            "id": 1,
            "name": "Dog"
        },
        "name": "mink",
        "photoUrls": [
            "www.adelaide-mante.net"
        ],
        "tags": [
            {
                "id": 11,
                "name": "cute"
            }
        ],
        "status": "available"
    },
    {
        "id": 9223372036854774186,
        "category": {
            "id": 122,
            "name": "dog-09"
        },
        "name": "Dumbo",
        "photoUrls": [
            
        ],
        "tags": [
            {
                "id": 2,
                "name": "test"
            }
        ],
        "status": "available"
    },
    {
        "id": 9223372036854774203,
        "category": {
            "id": 0,
            "name": "string"
        },
        "name": "test",
        "photoUrls": [
            "string"
        ],
        "tags": [
            {
                "id": 0,
                "name": "string"
            }
        ],
        "status": "available"
    },
    {
        "id": 9223372036854774204,
        "category": {
            "id": 0,
            "name": "string"
        },
        "name": "test",
        "photoUrls": [
            "string"
        ],
        "tags": [
            {
                "id": 0,
                "name": "string"
            }
        ],
        "status": "available"
    },
    {
        "id": 9223372036854774210,
        "category": {
            "id": 0,
            "name": "string"
        },
        "name": "doggie",
        "photoUrls": [
            "string"
        ],
        "tags": [
            {
                "id": 0,
                "name": "string"
            }
        ],
        "status": "available"
    },
    {
        "id": 14303,
        "name": "Manuel",
        "photoUrls": [
            ""
        ],
        "tags": [
            
        ],
        "status": "available"
    },
    {
        "id": 9223372036854774220,
        "category": {
            "id": 0,
            "name": "string"
        },
        "name": "doggie",
        "photoUrls": [
            "string"
        ],
        "tags": [
            {
                "id": 0,
                "name": "string"
            }
        ],
        "status": "available"
    },
    {
        "id": 9223372036854774222,
        "category": {
            "id": 0,
            "name": "string"
        },
        "name": "doggie",
        "photoUrls": [
            "string"
        ],
        "tags": [
            {
                "id": 0,
                "name": "string"
            }
        ],
        "status": "available"
    },
    {
        "id": 9223372036854774223,
        "category": {
            "id": 0,
            "name": "string"
        },
        "name": "doggie",
        "photoUrls": [
            "string"
        ],
        "tags": [
            {
                "id": 0,
                "name": "string"
            }
        ],
        "status": "available"
    },
    {
        "id": 191919198,
        "category": {
            "id": 198,
            "name": "bears8"
        },
        "name": "Bany8",
        "photoUrls": [
            "string"
        ],
        "tags": [
            {
                "id": 0,
                "name": "string"
            }
        ],
        "status": "available"
    },
    {
        "id": 9223372036854774227,
        "category": {
            "id": 0,
            "name": "string"
        },
        "name": "fish",
        "photoUrls": [
            "string"
        ],
        "tags": [
            {
                "id": 0,
                "name": "string"
            }
        ],
        "status": "available"
    },
    {
        "id": 9223372036854774231,
        "category": {
            "id": 0,
            "name": "string"
        },
        "name": "doggie",
        "photoUrls": [
            "string"
        ],
        "tags": [
            {
                "id": 0,
                "name": "string"
            }
        ],
        "status": "available"
    },
    {
        "id": 9223372036854774232,
        "category": {
            "id": 0,
            "name": "string"
        },
        "name": "doggie",
        "photoUrls": [
            "string"
        ],
        "tags": [
            {
                "id": 0,
                "name": "string"
            }
        ],
        "status": "available"
    },
    {
        "id": 9223372036854774248,
        "category": {
            "id": 0,
            "name": "string"
        },
        "name": "fish",
        "photoUrls": [
            "string"
        ],
        "tags": [
            {
                "id": 0,
                "name": "string"
            }
        ],
        "status": "available"
    },
    {
        "id": 9223372036854774254,
        "category": {
            "id": 0,
            "name": "string"
        },
        "name": "doggie",
        "photoUrls": [
            "string"
        ],
        "tags": [
            {
                "id": 0,
                "name": "string"
            }
        ],
        "status": "available"
    },
    {
        "id": 9223372036854774267,
        "category": {
            "id": 0,
            "name": "string"
        },
        "name": "doggie",
        "photoUrls": [
            "string"
        ],
        "tags": [
            {
                "id": 0,
                "name": "string"
            }
        ],
        "status": "available"
    },
    {
        "id": 9223372036854774269,
        "category": {
            "id": 0,
            "name": "string"
        },
        "name": "jannyboy",
        "photoUrls": [
            "string"
        ],
        "tags": [
            {
                "id": 0,
                "name": "string"
            }
        ],
        "status": "available"
    },
    {
        "id": 9223372036854774271,
        "category": {
            "id": 0,
            "name": "string"
        },
        "name": "fish",
        "photoUrls": [
            "string"
        ],
        "tags": [
            {
                "id": 0,
                "name": "string"
            }
        ],
        "status": "available"
    },
    {
        "id": 9223372036854774272,
        "category": {
            "id": 0,
            "name": "string"
        },
        "name": "fish",
        "photoUrls": [
            "string"
        ],
        "tags": [
            {
                "id": 0,
                "name": "string"
            }
        ],
        "status": "available"
    },
    {
        "id": 9223372036854774274,
        "category": {
            "id": 122,
            "name": "dog-09"
        },
        "name": "Dumbo",
        "photoUrls": [
            
        ],
        "tags": [
            {
                "id": 2,
                "name": "test"
            }
        ],
        "status": "available"
    },
    {
        "id": 9223372036854774278,
        "category": {
            "id": 0,
            "name": "string"
        },
        "name": "doggie",
        "photoUrls": [
            "string"
        ],
        "tags": [
            {
                "id": 0,
                "name": "string"
            }
        ],
        "status": "available"
    },
    {
        "id": 9223372036854774279,
        "category": {
            "id": 0,
            "name": "string"
        },
        "name": "cat",
        "photoUrls": [
            "https://klike.net/uploads/posts/2023-01/1675061232_3-62.jpg"
        ],
        "tags": [
            {
                "id": 0,
                "name": "string"
            }
        ],
        "status": "available"
    },
    {
        "id": 9223372036854774293,
        "category": {
            "id": 0,
            "name": "string"
        },
        "name": "doggie",
        "photoUrls": [
            "string"
        ],
        "tags": [
            {
                "id": 0,
                "name": "string"
            }
        ],
        "status": "available"
    },
    {
        "id": 103,
        "category": {
            "id": 3,
            "name": "Fairy Creatures"
        },
        "name": "Glimmerwink",
        "photoUrls": [
            "https://example.com/images/glimmerwink.jpg"
        ],
        "tags": [
            {
                "id": 5,
                "name": "Magical"
            },
            {
                "id": 6,
                "name": "Bright"
            }
        ],
        "status": "available"
    },
    {
        "id": 105,
        "category": {
            "id": 5,
            "name": "elemental beings"
        },
        "name": "Shardspike",
        "photoUrls": [
            "http://example.com/photos/shardspike.jpg"
        ],
        "tags": [
            {
                "id": 5,
                "name": "earth"
            }
        ],
        "status": "available"
    },
    {
        "id": 9223372036854774306,
        "category": {
            "id": 0,
            "name": "string"
        },
        "name": "doggie",
        "photoUrls": [
            "string"
        ],
        "tags": [
            {
                "id": 0,
                "name": "string"
            }
        ],
        "status": "available"
    },
    {
        "id": 9223372036854774310,
        "category": {
            "id": 0,
            "name": "string"
        },
        "name": "fish",
        "photoUrls": [
            "string"
        ],
        "tags": [
            {
                "id": 0,
                "name": "string"
            }
        ],
        "status": "available"
    },
    {
        "id": 9223372036854774313,
        "category": {
            "id": 0,
            "name": "string"
        },
        "name": "doggie",
        "photoUrls": [
            "string"
        ],
        "tags": [
            {
                "id": 0,
                "name": "string"
            }
        ],
        "status": "available"
    },
    {
        "id": 9223372036854774317,
        "category": {
            "id": 0,
            "name": "string"
        },
        "name": "fish",
        "photoUrls": [
            "string"
        ],
        "tags": [
            {
                "id": 0,
                "name": "string"
            }
        ],
        "status": "available"
    },
    {
        "id": 9223372036854774331,
        "category": {
            "id": 0,
            "name": "string"
        },
        "name": "fish",
        "photoUrls": [
            "string"
        ],
        "tags": [
            {
                "id": 0,
                "name": "string"
            }
        ],
        "status": "available"
    },
    {
        "id": 9223372036854774332,
        "category": {
            "id": 0,
            "name": "string"
        },
        "name": "fish",
        "photoUrls": [
            "string"
        ],
        "tags": [
            {
                "id": 0,
                "name": "string"
            }
        ],
        "status": "available"
    },
    {
        "id": 9223372036854774340,
        "category": {
            "id": 0,
            "name": "rocky"
        },
        "name": "doggie",
        "photoUrls": [
            "string"
        ],
        "tags": [
            {
                "id": 0,
                "name": "string"
            }
        ],
        "status": "available"
    },
    {
        "id": 280820251219,
        "category": {
            "id": 0,
            "name": "string"
        },
        "name": "alpaka",
        "photoUrls": [
            "string"
        ],
        "tags": [
            {
                "id": 0,
                "name": "string"
            }
        ],
        "status": "available"
    },
    {
        "id": 9223372036854774350,
        "category": {
            "id": 0,
            "name": "string"
        },
        "name": "fish",
        "photoUrls": [
            "string"
        ],
        "tags": [
            {
                "id": 0,
                "name": "string"
            }
        ],
        "status": "available"
    },
    {
        "id": 9223372036854774352,
        "category": {
            "id": 0,
            "name": "string"
        },
        "name": "mar",
        "photoUrls": [
            "string"
        ],
        "tags": [
            {
                "id": 12,
                "name": "string"
            }
        ],
        "status": "available"
    },
    {
        "id": 9222968140497180179,
        "category": {
            "id": 0,
            "name": "string"
        },
        "name": "test",
        "photoUrls": [
            "string"
        ],
        "tags": [
            {
                "id": 0,
                "name": "string"
            }
        ],
        "status": "available"
    },
    {
        "id": 9223372036854774361,
        "category": {
            "id": 122,
            "name": "dog-09"
        },
        "name": "Dumbo",
        "photoUrls": [
            
        ],
        "tags": [
            {
                "id": 2,
                "name": ""
            }
        ],
        "status": "available"
    },
    {
        "id": 9223372036854774366,
        "category": {
            "id": 0,
            "name": "string"
        },
        "name": "doggie",
        "photoUrls": [
            "string"
        ],
        "tags": [
            {
                "id": 0,
                "name": "string"
            }
        ],
        "status": "available"
    },
    {
        "id": 9223372036854774367,
        "category": {
            "id": 122,
            "name": "dog-09"
        },
        "name": "Dumbo",
        "photoUrls": [
            
        ],
        "tags": [
            {
                "id": 2,
                "name": "test"
            }
        ],
        "status": "available"
    },
    {
        "id": 9223372036854774371,
        "category": {
            "id": 0,
            "name": "string"
        },
        "name": "doggie",
        "photoUrls": [
            "string"
        ],
        "tags": [
            {
                "id": 0,
                "name": "string"
            }
        ],
        "status": "available"
    },
    {
        "id": 9223372036854774372,
        "category": {
            "id": 0,
            "name": "string"
        },
        "name": "fish",
        "photoUrls": [
            "string"
        ],
        "tags": [
            {
                "id": 0,
                "name": "string"
            }
        ],
        "status": "available"
    },
    {
        "id": 60924,
        "category": {
            "id": 0,
            "name": "string"
        },
        "name": "TestPet_XRHIX",
        "photoUrls": [
            
        ],
        "tags": [
            
        ],
        "status": "available"
    },
    {
        "id": 15705,
        "category": {
            "id": 0,
            "name": "string"
        },
        "name": "TestPet_MBTIM",
        "photoUrls": [
            
        ],
        "tags": [
            
        ],
        "status": "available"
    },
    {
        "id": 49103,
        "category": {
            "id": 0,
            "name": "string"
        },
        "name": "TestPet_GAMTC",
        "photoUrls": [
            
        ],
        "tags": [
            
        ],
        "status": "available"
    },
    {
        "id": 3685,
        "category": {
            "id": 0,
            "name": "string"
        },
        "name": "TestPet_QALXZ",
        "photoUrls": [
            
        ],
        "tags": [
            
        ],
        "status": "available"
    },
    {
        "id": 75772,
        "category": {
            "id": 0,
            "name": "string"
        },
        "name": "TestPet_JXDTG",
        "photoUrls": [
            
        ],
        "tags": [
            
        ],
        "status": "available"
    },
    {
        "id": 70907,
        "category": {
            "id": 0,
            "name": "string"
        },
        "name": "TestPet_SXKBO",
        "photoUrls": [
            
        ],
        "tags": [
            
        ],
        "status": "available"
    },
    {
        "id": 74336,
        "category": {
            "id": 0,
            "name": "string"
        },
        "name": "TestPet_GILVC",
        "photoUrls": [
            
        ],
        "tags": [
            
        ],
        "status": "available"
    },
    {
        "id": 79058,
        "category": {
            "id": 0,
            "name": "string"
        },
        "name": "TestPet_WPKXM",
        "photoUrls": [
            
        ],
        "tags": [
            
        ],
        "status": "available"
    },
    {
        "id": 23745,
        "category": {
            "id": 0,
            "name": "string"
        },
        "name": "TestPet_GFVWN",
        "photoUrls": [
            
        ],
        "tags": [
            
        ],
        "status": "available"
    },
    {
        "id": 65886,
        "category": {
            "id": 0,
            "name": "string"
        },
        "name": "TestPet_UQTOF",
        "photoUrls": [
            
        ],
        "tags": [
            
        ],
        "status": "available"
    },
    {
        "id": 77429,
        "category": {
            "id": 0,
            "name": "string"
        },
        "name": "TestPet_MXFJK",
        "photoUrls": [
            
        ],
        "tags": [
            
        ],
        "status": "available"
    },
    {
        "id": 9223372036854774373,
        "category": {
            "id": 0,
            "name": "string"
        },
        "name": "doggie",
        "photoUrls": [
            "string"
        ],
        "tags": [
            {
                "id": 0,
                "name": "string"
            }
        ],
        "status": "available"
    },
    {
        "id": 50590,
        "category": {
            "id": 0,
            "name": "string"
        },
        "name": "TestPet_HEFWI",
        "photoUrls": [
            
        ],
        "tags": [
            
        ],
        "status": "available"
    },
    {
        "id": 85582,
        "category": {
            "id": 0,
            "name": "string"
        },
        "name": "TestPet_UABCX",
        "photoUrls": [
            
        ],
        "tags": [
            
        ],
        "status": "available"
    },
    {
        "id": 32859,
        "category": {
            "id": 0,
            "name": "string"
        },
        "name": "TestPet_GRJMV",
        "photoUrls": [
            
        ],
        "tags": [
            
        ],
        "status": "available"
    },
    {
        "id": 89015,
        "category": {
            "id": 0,
            "name": "string"
        },
        "name": "TestPet_WMBSD",
        "photoUrls": [
            
        ],
        "tags": [
            
        ],
        "status": "available"
    },
    {
        "id": 36018,
        "category": {
            "id": 0,
            "name": "string"
        },
        "name": "TestPet_GOYCB",
        "photoUrls": [
            
        ],
        "tags": [
            
        ],
        "status": "available"
    },
    {
        "id": 9223372036854774401,
        "category": {
            "id": 0,
            "name": "string"
        },
        "name": "fish",
        "photoUrls": [
            "string"
        ],
        "tags": [
            {
                "id": 0,
                "name": "string"
            }
        ],
        "status": "available"
    },
    {
        "id": 9223372036854774407,
        "category": {
            "id": 0,
            "name": "string"
        },
        "name": "doggie",
        "photoUrls": [
            "string"
        ],
        "tags": [
            {
                "id": 0,
                "name": "string"
            }
        ],
        "status": "available"
    },
    {
        "id": 9223372036854774423,
        "category": {
            "id": 0,
            "name": "string"
        },
        "name": "doggie",
        "photoUrls": [
            "string"
        ],
        "tags": [
            {
                "id": 0,
                "name": "string"
            }
        ],
        "status": "available"
    },
    {
        "id": 9223372036854774424,
        "category": {
            "id": 2,
            "name": "cat2"
        },
        "name": "purplefieldstester2",
        "photoUrls": [
            "https://purplefieldstestimage1",
            "https://purplefieldstestimage2"
        ],
        "tags": [
            {
                "id": 2,
                "name": "nice"
            },
            {
                "id": 0
            }
        ],
        "status": "available"
    },
    {
        "id": 9223372036854774425,
        "category": {
            "id": 2,
            "name": "cat"
        },
        "name": "purplefieldstester16121351812",
        "photoUrls": [
            "http://purplefieldstestimage1",
            "http://purplefieldstestimage2"
        ],
        "tags": [
            {
                "id": 1,
                "name": "naughty"
            },
            {
                "id": 2,
                "name": "nice"
            }
        ],
        "status": "available"
    },
    {
        "id": 9223372036854774434,
        "category": {
            "id": 0,
            "name": "string"
        },
        "name": "fish",
        "photoUrls": [
            "string"
        ],
        "tags": [
            {
                "id": 0,
                "name": "string"
            }
        ],
        "status": "available"
    },
    {
        "id": 9223372036854774435,
        "category": {
            "id": 0,
            "name": "string"
        },
        "name": "doggie",
        "photoUrls": [
            "string"
        ],
        "tags": [
            {
                "id": 0,
                "name": "string"
            }
        ],
        "status": "available"
    },
    {
        "id": 9223372036854774437,
        "category": {
            "id": 0,
            "name": "string"
        },
        "name": "fish",
        "photoUrls": [
            "string"
        ],
        "tags": [
            {
                "id": 0,
                "name": "string"
            }
        ],
        "status": "available"
    },
    {
        "id": 9223372036854774438,
        "category": {
            "id": 0,
            "name": "string"
        },
        "name": "fish",
        "photoUrls": [
            "string"
        ],
        "tags": [
            {
                "id": 0,
                "name": "string"
            }
        ],
        "status": "available"
    },
    {
        "id": 112233,
        "category": {
            "id": 30,
            "name": "Eq-dog"
        },
        "name": "Postman",
        "photoUrls": [
            "URLLink"
        ],
        "tags": [
            {
                "id": 10,
                "name": "Doberman"
            }
        ],
        "status": "available"
    },
    {
        "id": 9223372036854774440,
        "category": {
            "id": 0,
            "name": "string"
        },
        "name": "fish",
        "photoUrls": [
            "string"
        ],
        "tags": [
            {
                "id": 0,
                "name": "string"
            }
        ],
        "status": "available"
    },
    {
        "id": 9223372036854774456,
        "category": {
            "id": 122,
            "name": "dog-09"
        },
        "name": "Dumbo",
        "photoUrls": [
            
        ],
        "tags": [
            {
                "id": 2,
                "name": "test"
            }
        ],
        "status": "available"
    },
    {
        "id": 9223372036854774458,
        "category": {
            "id": 0,
            "name": "string"
        },
        "name": "doggie",
        "photoUrls": [
            "string"
        ],
        "tags": [
            {
                "id": 0,
                "name": "string"
            }
        ],
        "status": "available"
    },
    {
        "id": 9223372036854774459,
        "category": {
            "id": 0,
            "name": "string"
        },
        "name": "fish",
        "photoUrls": [
            "string"
        ],
        "tags": [
            {
                "id": 0,
                "name": "string"
            }
        ],
        "status": "available"
    },
    {
        "id": 64960,
        "category": {
            "id": 0,
            "name": "simig"
        },
        "name": "doggie",
        "photoUrls": [
            "string"
        ],
        "tags": [
            {
                "id": 0,
                "name": "string"
            }
        ],
        "status": "available"
    },
    {
        "id": 64,
        "category": {
            "id": 0,
            "name": "simi"
        },
        "name": "Simig",
        "photoUrls": [
            "string"
        ],
        "tags": [
            {
                "id": 0,
                "name": "string"
            }
        ],
        "status": "available"
    },
    {
        "id": 230,
        "category": {
            "id": 240,
            "name": "maxi"
        },
        "name": "doggie",
        "photoUrls": [
            "https://thumbor.forbes.com/thumbor/fit-in/1290x/https://www.forbes.com/advisor/wp-content/uploads/2023/07/top-20-small-dog-breeds.jpeg.jpg"
        ],
        "tags": [
            {
                "id": 120,
                "name": "amith"
            }
        ],
        "status": "available"
    },
    {
        "id": 9223372036854775039,
        "category": {
            "id": 0,
            "name": "string"
        },
        "name": "Puff",
        "photoUrls": [
            "string"
        ],
        "tags": [
            {
                "id": 0,
                "name": "string"
            }
        ],
        "status": "available"
    },
    {
        "id": 4124,
        "category": {
            "id": 0,
            "name": "string"
        },
        "name": "doggie",
        "photoUrls": [
            "string"
        ],
        "tags": [
            {
                "id": 0,
                "name": "string"
            }
        ],
        "status": "available"
    },
    {
        "id": 902,
        "category": {
            "id": 229,
            "name": "dog"
        },
        "name": "Ali",
        "photoUrls": [
            
        ],
        "tags": [
            
        ],
        "status": "available"
    },
    {
        "id": 133663523,
        "category": {
            "id": 1132131,
            "name": "test_category"
        },
        "name": "test_pet_for_api_tool",
        "photoUrls": [
            "http://example.com/photo.jpg"
        ],
        "tags": [
            {
                "id": 0,
                "name": "test_tag"
            }
        ],
        "status": "available"
    },
    {
        "id": 241,
        "category": {
            "id": 727,
            "name": "dog"
        },
        "name": "Larue",
        "photoUrls": [
            
        ],
        "tags": [
            
        ],
        "status": "available"
    },
    {
        "id": 746,
        "category": {
            "id": 624,
            "name": "dog"
        },
        "name": "Romaine",
        "photoUrls": [
            
        ],
        "tags": [
            
        ],
        "status": "available"
    },
    {
        "id": 2129,
        "category": {
            "id": 2,
            "name": "bus"
        },
        "name": "doggie",
        "photoUrls": [
            "https://petstore.swagger.io/v2/pet/png"
        ],
        "tags": [
            {
                "id": 2,
                "name": "dog"
            }
        ],
        "status": "available"
    },
    {
        "id": 888888,
        "category": {
            "id": 4444,
            "name": "dogs"
        },
        "name": "Bob",
        "photoUrls": [
            "string"
        ],
        "tags": [
            {
                "id": 0,
                "name": "string"
            }
        ],
        "status": "available"
    },
    {
        "id": 87,
        "category": {
            "id": 5,
            "name": "cat"
        },
        "name": "koko",
        "photoUrls": [
            "string"
        ],
        "tags": [
            {
                "id": 0,
                "name": "string"
            }
        ],
        "status": "available"
    },
    {
        "id": 444556,
        "category": {
            "id": 4446,
            "name": "dogs"
        },
        "name": "Jack",
        "photoUrls": [
            "string"
        ],
        "tags": [
            {
                "id": 0,
                "name": "string"
            }
        ],
        "status": "available"
    },
    {
        "id": 1689,
        "category": {
            "id": 0,
            "name": "string"
        },
        "name": "TestPet_RRYDL",
        "photoUrls": [
            
        ],
        "tags": [
            
        ],
        "status": "available"
    },
    {
        "id": 770,
        "category": {
            "id": 29,
            "name": "kuchuk"
        },
        "name": "itt",
        "photoUrls": [
            "https://example.com/imagesss/bruno.jpg"
        ],
        "tags": [
            {
                "id": 30,
                "name": "dogsss"
            }
        ],
        "status": "available"
    },
    {
        "id": 386098110,
        "category": {
            "id": 1132131,
            "name": "test_category"
        },
        "name": "test_pet_for_api_tool",
        "photoUrls": [
            "http://example.com/photo.jpg"
        ],
        "tags": [
            {
                "id": 0,
                "name": "test_tag"
            }
        ],
        "status": "available"
    },
    {
        "id": 3,
        "name": "Unicorn",
        "photoUrls": [
            
        ],
        "tags": [
            
        ],
        "status": "available"
    },
    {
        "id": 56,
        "category": {
            "id": 0,
            "name": ""
        },
        "name": "",
        "photoUrls": [
            
        ],
        "tags": [
            {
                "id": 22,
                "name": "string"
            }
        ],
        "status": "available"
    },
    {
        "id": 4567,
        "category": {
            "id": 1,
            "name": "cat"
        },
        "name": "cat-tests",
        "photoUrls": [
            
        ],
        "tags": [
            
        ],
        "status": "available"
    },
    {
        "id": 997,
        "category": {
            "id": 1,
            "name": "optical"
        },
        "name": "partnerships",
        "photoUrls": [
            "string"
        ],
        "tags": [
            {
                "id": 1,
                "name": "friendly"
            }
        ],
        "status": "available"
    },
    {
        "id": 15,
        "category": {
            "id": 0,
            "name": "string"
        },
        "name": "doggie",
        "photoUrls": [
            "string"
        ],
        "tags": [
            {
                "id": 0,
                "name": "string"
            }
        ],
        "status": "available"
    },
    {
        "id": 1756379621157,
        "category": {
            "id": 1,
            "name": "test pets"
        },
        "name": "Test-Pet2a22b763",
        "photoUrls": [
            "https://website.com/test_photo.png"
        ],
        "tags": [
            {
                "id": 1,
                "name": "test tag"
            }
        ],
        "status": "available"
    },
    {
        "id": 1756379885,
        "category": {
            "id": 0,
            "name": "Mr."
        },
        "name": "Monique",
        "photoUrls": [
            "http://placeimg.com/640/480/animals"
        ],
        "tags": [
            {
                "id": 0,
                "name": "green"
            }
        ],
        "status": "available"
    },
    {
        "id": 26818,
        "category": {
            "id": 0,
            "name": "string"
        },
        "name": "TestPet_UBGUH",
        "photoUrls": [
            
        ],
        "tags": [
            
        ],
        "status": "available"
    },
    {
        "id": 2808,
        "category": {
            "id": 28081,
            "name": "string"
        },
        "name": "cat",
        "photoUrls": [
            "string"
        ],
        "tags": [
            {
                "id": 0,
                "name": "string"
            }
        ],
        "status": "available"
    },
    {
        "id": 1245,
        "category": {
            "id": 1245,
            "name": "xyz"
        },
        "name": "xyz",
        "photoUrls": [
            "test"
        ],
        "tags": [
            
        ],
        "status": "available"
    },
    {
        "id": 9,
        "category": {
            "id": 9,
            "name": "gato_9"
        },
        "name": "Nina_9",
        "photoUrls": [
            "string"
        ],
        "tags": [
            {
                "id": 9,
                "name": "Nina_9"
            }
        ],
        "status": "available"
    },
    {
        "id": 28082,
        "category": {
            "id": 280821,
            "name": "pets"
        },
        "name": "cat2",
        "photoUrls": [
            "string"
        ],
        "tags": [
            {
                "id": 0,
                "name": "string"
            }
        ],
        "status": "available"
    },
    {
        "id": 1539,
        "category": {
            "id": 1,
            "name": "Lusya"
        },
        "name": "dog",
        "photoUrls": [
            "string"
        ],
        "tags": [
            {
                "id": 1,
                "name": "metis"
            }
        ],
        "status": "available"
    },
    {
        "id": 1549,
        "category": {
            "id": 1,
            "name": "Lusya"
        },
        "name": "dog",
        "photoUrls": [
            "string"
        ],
        "tags": [
            {
                "id": 1,
                "name": "metis"
            }
        ],
        "status": "available"
    },
    {
        "id": 1756380759652,
        "name": "Rocky",
        "photoUrls": [
            
        ],
        "tags": [
            
        ],
        "status": "available"
    },
    {
        "id": 1756380763702,
        "name": "Rocky",
        "photoUrls": [
            
        ],
        "tags": [
            
        ],
        "status": "available"
    },
    {
        "id": 28823,
        "category": {
            "id": 0,
            "name": "string"
        },
        "name": "TestPet_VFDUS",
        "photoUrls": [
            
        ],
        "tags": [
            
        ],
        "status": "available"
    },
    {
        "id": 1756380920991,
        "name": "PlaywrightDog",
        "photoUrls": [
            
        ],
        "tags": [
            
        ],
        "status": "available"
    },
    {
        "id": 61225,
        "category": {
            "id": 1,
            "name": "Dogs"
        },
        "name": "Buddy",
        "photoUrls": [
            "https://example.com/photo1.jpg"
        ],
        "tags": [
            {
                "id": 1,
                "name": "friendly"
            }
        ],
        "status": "available"
    },
    {
        "id": 31200,
        "name": "Pet to Delete",
        "photoUrls": [
            
        ],
        "tags": [
            
        ],
        "status": "available"
    },
    {
        "id": 960090,
        "name": "Тест-пес",
        "photoUrls": [
            
        ],
        "tags": [
            
        ],
        "status": "available"
    },
    {
        "id": 795165,
        "category": {
            "id": 1,
            "name": "dogs"
        },
        "name": "doggie",
        "photoUrls": [
            "http://example.com/photo.png"
        ],
        "tags": [
            {
                "id": 1,
                "name": "cute"
            }
        ],
        "status": "available"
    },
    {
        "id": 244200,
        "category": {
            "id": 1,
            "name": "dogs"
        },
        "name": "doggie",
        "photoUrls": [
            "http://example.com/photo.png"
        ],
        "tags": [
            {
                "id": 1,
                "name": "cute"
            }
        ],
        "status": "available"
    },
    {
        "id": 33621,
        "category": {
            "id": 1,
            "name": "Dogs"
        },
        "name": "Buddy",
        "photoUrls": [
            "https://example.com/photo1.jpg"
        ],
        "tags": [
            {
                "id": 1,
                "name": "friendly"
            }
        ],
        "status": "available"
    },
    {
        "id": 2001,
        "category": {
            "id": 1,
            "name": "Dogs"
        },
        "name": "Charlie",
        "photoUrls": [
            "https://example.com/charlie.jpg"
        ],
        "tags": [
            {
                "id": 1,
                "name": "friendly"
            }
        ],
        "status": "available"
    },
    {
        "id": 12323,
        "category": {
            "id": 1,
            "name": "Dogs"
        },
        "name": "Fluffy",
        "photoUrls": [
            "https://example.com/photo.jpg"
        ],
        "tags": [
            {
                "id": 1,
                "name": "cute"
            }
        ],
        "status": "available"
    },
    {
        "id": 16785,
        "category": {
            "id": 1,
            "name": "Dogs"
        },
        "name": "Fluffy",
        "photoUrls": [
            "https://example.com/Fluffy.jpg"
        ],
        "tags": [
            {
                "id": 1,
                "name": "cute"
            }
        ],
        "status": "available"
    },
    {
        "id": 88599,
        "category": {
            "id": 1,
            "name": "Dogs"
        },
        "name": "Buddy",
        "photoUrls": [
            "https://example.com/photo1.jpg"
        ],
        "tags": [
            {
                "id": 1,
                "name": "friendly"
            }
        ],
        "status": "available"
    },
    {
        "id": 41486,
        "name": "Pet to Delete",
        "photoUrls": [
            
        ],
        "tags": [
            
        ],
        "status": "available"
    },
    {
        "id": 1756381251392,
        "category": {
            "id": 1,
            "name": "Dogs"
        },
        "name": "PlaywrightDog",
        "photoUrls": [
            "https://example.com/dog.jpg"
        ],
        "tags": [
            {
                "id": 1,
                "name": "TestTag"
            }
        ],
        "status": "available"
    },
    {
        "id": 1756381259,
        "category": {
            "id": 0,
            "name": "Miss"
        },
        "name": "Rashad",
        "photoUrls": [
            "http://placeimg.com/640/480/animals"
        ],
        "tags": [
            {
                "id": 0,
                "name": "pink"
            }
        ],
        "status": "available"
    },
    {
        "id": 6765,
        "name": "doggie",
        "photoUrls": [
            
        ],
        "tags": [
            
        ],
        "status": "available"
    },
    {
        "id": 19362,
        "name": "doggie",
        "photoUrls": [
            
        ],
        "tags": [
            
        ],
        "status": "available"
    },
    {
        "id": 9090909090,
        "category": {
            "id": 1,
            "name": "string"
        },
        "name": "Dog1",
        "photoUrls": [
            
        ],
        "tags": [
            {
                "id": 77,
                "name": "New name"
            }
        ],
        "status": "available"
    },
    {
        "id": 405,
        "category": {
            "id": 1,
            "name": "bluetooth"
        },
        "name": "vortals",
        "photoUrls": [
            "https://titus.info"
        ],
        "tags": [
            {
                "id": 77,
                "name": "friendly"
            },
            {
                "id": 675,
                "name": "online"
            }
        ],
        "status": "available"
    },
    {
        "id": 1756381450063,
        "category": {
            "id": 1,
            "name": "Dogs"
        },
        "name": "Rocky",
        "photoUrls": [
            "https://example.com/rocky.jpg"
        ],
        "tags": [
            {
                "id": 1,
                "name": "strong"
            }
        ],
        "status": "available"
    },
    {
        "id": 79381,
        "category": {
            "id": 0,
            "name": "string"
        },
        "name": "doggie",
        "photoUrls": [
            "string"
        ],
        "tags": [
            {
                "id": 0,
                "name": "string"
            }
        ],
        "status": "available"
    },
    {
        "id": 5001,
        "category": {
            "id": 1,
            "name": "Cats"
        },
        "name": "Simba",
        "photoUrls": [
            "https://example.com/simba.jpg"
        ],
        "tags": [
            {
                "id": 1,
                "name": "royal"
            }
        ],
        "status": "available"
    },
    {
        "id": 418,
        "category": {
            "id": 1,
            "name": "markets"
        },
        "name": "markets",
        "photoUrls": [
            
        ],
        "tags": [
            {
                "id": 77,
                "name": "New name"
            }
        ],
        "status": "available"
    },
    {
        "id": 1756381590281,
        "name": "Buddy",
        "photoUrls": [
            
        ],
        "tags": [
            
        ],
        "status": "available"
    },
    {
        "id": 1756381763831,
        "category": {
            "id": 1,
            "name": "Dogs"
        },
        "name": "PlaywrightDogToDelete",
        "photoUrls": [
            "https://example.com/delete-dog.jpg"
        ],
        "tags": [
            {
                "id": 3,
                "name": "DeleteTag"
            }
        ],
        "status": "available"
    },
    {
        "id": 1756381815246,
        "name": "Tommy",
        "photoUrls": [
            
        ],
        "tags": [
            
        ],
        "status": "available"
    },
    {
        "id": 67456,
        "name": "doggie",
        "photoUrls": [
            
        ],
        "tags": [
            
        ],
        "status": "available"
    },
    {
        "id": 12141,
        "category": {
            "id": 0,
            "name": "string"
        },
        "name": "doggie",
        "photoUrls": [
            "string"
        ],
        "tags": [
            {
                "id": 0,
                "name": "string"
            }
        ],
        "status": "available"
    },
    {
        "id": 1000,
        "category": {
            "id": 0,
            "name": "string"
        },
        "name": "doggie",
        "photoUrls": [
            "string"
        ],
        "tags": [
            {
                "id": 0,
                "name": "string"
            }
        ],
        "status": "available"
    },
    {
        "id": 1756381980383,
        "category": {
            "id": 1,
            "name": "Dogs"
        },
        "name": "toDeleteDog",
        "photoUrls": [
            "https://example.com/dog.jpg"
        ],
        "tags": [
            
        ],
        "status": "available"
    },
    {
        "id": 555,
        "category": {
            "id": 0,
            "name": "SPDogs"
        },
        "name": "max",
        "photoUrls": [
            "string"
        ],
        "tags": [
            {
                "id": 0,
                "name": "string"
            }
        ],
        "status": "available"
    },
    {
        "id": 80178,
        "name": "doggie",
        "photoUrls": [
            
        ],
        "tags": [
            
        ],
        "status": "available"
    },
    {
        "id": 3000000000000000003,
        "name": "ssss",
        "photoUrls": [
            
        ],
        "tags": [
            
        ],
        "status": "available"
    },
    {
        "id": 524,
        "category": {
            "id": 128,
            "name": "Sharik"
        },
        "name": "doggie",
        "photoUrls": [
            "https://yandex.ru/images/search?img_url=https%3A%2F%2Fkartinki.pics%2Fuploads%2Fposts%2F2022-12%2F1670625073_20-kartinkin-net-p-rizhaya-sobaka-s-korotkimi-lapami-krasivo-21.jpg&lr=194&pos=0&rpt=simage&source=serp&text=%D1%81%D0%BE%D0%B1%D0%B0%D0%BA%D0%B0"
        ],
        "tags": [
            
        ],
        "status": "available"
    },
    {
        "id": 4000,
        "category": {
            "id": 4000,
            "name": "burger"
        },
        "name": "burgerdog",
        "photoUrls": [
            "string"
        ],
        "tags": [
            {
                "id": 4000,
                "name": "string"
            }
        ],
        "status": "available"
    },
    {
        "id": 6,
        "category": {
            "id": 6,
            "name": "mica maca"
        },
        "name": "mica maca",
        "photoUrls": [
            "string"
        ],
        "tags": [
            {
                "id": 6,
                "name": "mica maca"
            }
        ],
        "status": "available"
    },
    {
        "id": 9223372036854775042,
        "category": {
            "id": 0,
            "name": "string"
        },
        "name": "fish",
        "photoUrls": [
            "string"
        ],
        "tags": [
            {
                "id": 0,
                "name": "string"
            }
        ],
        "status": "available"
    },
    {
        "id": 9223372036854775044,
        "category": {
            "id": 0,
            "name": "string"
        },
        "name": "fish",
        "photoUrls": [
            "string"
        ],
        "tags": [
            {
                "id": 0,
                "name": "string"
            }
        ],
        "status": "available"
    },
    {
        "id": 123456,
        "category": {
            "id": 0,
            "name": "Cat"
        },
        "name": "Boncuk",
        "photoUrls": [
            "string"
        ],
        "tags": [
            {
                "id": 0,
                "name": "My cute cat"
            }
        ],
        "status": "available"
    },
    {
        "id": 2345678,
        "category": {
            "id": 0,
            "name": "Cat"
        },
        "name": "Duman",
        "photoUrls": [
            "string"
        ],
        "tags": [
            {
                "id": 0,
                "name": "My lovely cat"
            }
        ],
        "status": "available"
    },
    {
        "id": 12345,
        "category": {
            "id": 0,
            "name": "string"
        },
        "name": "blabla",
        "photoUrls": [
            "string"
        ],
        "tags": [
            {
                "id": 0,
                "name": "string"
            }
        ],
        "status": "available"
    },
    {
        "id": 2555,
        "category": {
            "id": 0,
            "name": "bird"
        },
        "name": "tweety",
        "photoUrls": [
            "cute bird"
        ],
        "tags": [
            {
                "id": 0,
                "name": "string"
            }
        ],
        "status": "available"
    },
    {
        "id": 7,
        "category": {
            "id": 0,
            "name": "string"
        },
        "name": "Milou",
        "photoUrls": [
            "string"
        ],
        "tags": [
            {
                "id": 0,
                "name": "string"
            }
        ],
        "status": "available"
    },
    {
        "id": 123,
        "category": {
            "id": 52,
            "name": "shpitz"
        },
        "name": "doggie",
        "photoUrls": [
            "string"
        ],
        "tags": [
            {
                "id": 0,
                "name": "string"
            }
        ],
        "status": "available"
    },
    {
        "id": 2,
        "name": "Sea Serpent",
        "photoUrls": [
            
        ],
        "tags": [
            
        ],
        "status": "available"
    },
    {
        "id": 9223372036854744000,
        "category": {
            "id": 123,
            "name": "Шарик"
        },
        "name": "doggie",
        "photoUrls": [
            "https://yandex.ru/images/search?img_url=https%3A%2F%2Fkartinki.pics%2Fuploads%2Fposts%2F2022-12%2F1670625073_20-kartinkin-net-p-rizhaya-sobaka-s-korotkimi-lapami-krasivo-21.jpg&lr=194&pos=0&rpt=simage&source=serp&text=%D1%81%D0%BE%D0%B1%D0%B0%D0%BA%D0%B0"
        ],
        "tags": [
            
        ],
        "status": "available"
    },
    {
        "id": 489,
        "category": {
            "id": 4446,
            "name": "dogs"
        },
        "name": "Jack",
        "photoUrls": [
            "string"
        ],
        "tags": [
            {
                "id": 0,
                "name": "string"
            }
        ],
        "status": "available"
    },
    {
        "id": 2025,
        "category": {
            "id": 1812,
            "name": "hedgehog"
        },
        "name": "Gizmo",
        "photoUrls": [
            "string"
        ],
        "tags": [
            {
                "id": 1812,
                "name": "yezhik"
            }
        ],
        "status": "available"
    },
    {
        "id": 9223372036854775049,
        "category": {
            "id": 0,
            "name": "tisiow-e"
        },
        "name": "tisiowe",
        "photoUrls": [
            "Https://google.com/1",
            "Https://google.com/2"
        ],
        "tags": [
            {
                "id": 0,
                "name": "string"
            }
        ],
        "status": "available"
    },
    {
        "id": 839,
        "category": {
            "id": 1,
            "name": "haptic"
        },
        "name": "networks",
        "photoUrls": [
            "http://ocie.info"
        ],
        "tags": [
            {
                "id": 77,
                "name": "friendly"
            },
            {
                "id": 390,
                "name": "optical"
            }
        ],
        "status": "available"
    },
    {
        "id": 9223372036854775056,
        "category": {
            "id": 0,
            "name": "string"
        },
        "name": "doggie",
        "photoUrls": [
            "string"
        ],
        "tags": [
            {
                "id": 0,
                "name": "string"
            }
        ],
        "status": "available"
    },
    {
        "id": 9223372036854775058,
        "category": {
            "id": 0,
            "name": "tisiow-e"
        },
        "name": "tisiowe",
        "photoUrls": [
            "Https://google.com/1",
            "Https://google.com/2"
        ],
        "tags": [
            {
                "id": 0,
                "name": "string"
            }
        ],
        "status": "available"
    },
    {
        "id": 5235,
        "category": {
            "id": 0,
            "name": "string"
        },
        "name": "doggie",
        "photoUrls": [
            "string"
        ],
        "tags": [
            {
                "id": 444,
                "name": "string"
            }
        ],
        "status": "available"
    },
    {
        "id": 9223372036854775065,
        "category": {
            "id": 0,
            "name": "tisiow-e"
        },
        "name": "tisiowe",
        "photoUrls": [
            "Https://google.com/1",
            "Https://google.com/2"
        ],
        "tags": [
            {
                "id": 0,
                "name": "string"
            }
        ],
        "status": "available"
    },
    {
        "id": 9223372036854775066,
        "category": {
            "id": 1,
            "name": "DOGS"
        },
        "name": "POPY",
        "photoUrls": [
            "string"
        ],
        "tags": [
            {
                "id": 0,
                "name": "string"
            }
        ],
        "status": "available"
    },
    {
        "id": 10000,
        "category": {
            "id": 1,
            "name": "DOGS"
        },
        "name": "POPY",
        "photoUrls": [
            "string"
        ],
        "tags": [
            {
                "id": 0,
                "name": "string"
            }
        ],
        "status": "available"
    },
    {
        "id": 9223372036854775068,
        "category": {
            "id": 1,
            "name": "DOGS"
        },
        "name": "POPY",
        "photoUrls": [
            "string"
        ],
        "tags": [
            {
                "id": 0,
                "name": "string"
            }
        ],
        "status": "available"
    },
    {
        "id": 9223372036854775072,
        "category": {
            "id": 0,
            "name": "tisiow-e"
        },
        "name": "tisiowe",
        "photoUrls": [
            "Https://google.com/1",
            "Https://google.com/2"
        ],
        "tags": [
            {
                "id": 0,
                "name": "string"
            }
        ],
        "status": "available"
    },
    {
        "id": 9223372036854775076,
        "category": {
            "id": 0,
            "name": "string"
        },
        "name": "fish",
        "photoUrls": [
            "string"
        ],
        "tags": [
            {
                "id": 0,
                "name": "string"
            }
        ],
        "status": "available"
    },
    {
        "id": 9223372036854775077,
        "name": "CapybaraCapybara",
        "photoUrls": [
            "https://upload.wikimedia.org/wikipedia/commons/thumb/3/34/Hydrochoeris_hydrochaeris_in_Brazil_in_Petr%C3%B3polis%2C_Rio_de_Janeiro%2C_Brazil_09.jpg/1280px-Hydrochoeris_hydrochaeris_in_Brazil_in_Petr%C3%B3polis%2C_Rio_de_Janeiro%2C_Brazil_09.jpg"
        ],
        "tags": [
            
        ],
        "status": "available"
    },
    {
        "id": 9223372036854775081,
        "category": {
            "id": 2,
            "name": "cat2"
        },
        "name": "purplefieldstester2",
        "photoUrls": [
            "https://purplefieldstestimage1",
            "https://purplefieldstestimage2"
        ],
        "tags": [
            {
                "id": 2,
                "name": "nice"
            },
            {
                "id": 0
            }
        ],
        "status": "available"
    },
    {
        "id": 9223372036854775082,
        "category": {
            "id": 2,
            "name": "cat"
        },
        "name": "purplefieldstester15411926005",
        "photoUrls": [
            "http://purplefieldstestimage1",
            "http://purplefieldstestimage2"
        ],
        "tags": [
            {
                "id": 1,
                "name": "naughty"
            },
            {
                "id": 2,
                "name": "nice"
            }
        ],
        "status": "available"
    },
    {
        "id": 9223372036854775083,
        "category": {
            "id": 0,
            "name": "string"
        },
        "name": "doggie",
        "photoUrls": [
            "string"
        ],
        "tags": [
            {
                "id": 0,
                "name": "string"
            }
        ],
        "status": "available"
    },
    {
        "id": 9223372036854775084,
        "category": {
            "id": 0,
            "name": "tisiow-e"
        },
        "name": "tisiowe",
        "photoUrls": [
            "Https://google.com/1",
            "Https://google.com/2"
        ],
        "tags": [
            {
                "id": 0,
                "name": "string"
            }
        ],
        "status": "available"
    },
    {
        "id": 9223372036854775090,
        "category": {
            "id": 0,
            "name": "string"
        },
        "name": "doggie",
        "photoUrls": [
            "string"
        ],
        "status": "available"
    },
    {
        "id": 76590,
        "name": "doggie",
        "photoUrls": [
            
        ],
        "tags": [
            
        ],
        "status": "available"
    },
    {
        "id": 9223372036854775094,
        "category": {
            "id": 0,
            "name": "tisiow-e"
        },
        "name": "tisiowe",
        "photoUrls": [
            "Https://google.com/1",
            "Https://google.com/2"
        ],
        "tags": [
            {
                "id": 0,
                "name": "string"
            }
        ],
        "status": "available"
    },
    {
        "id": 9223372036854775096,
        "category": {
            "id": 2,
            "name": "cat"
        },
        "name": "purplefieldstester11405574638",
        "photoUrls": [
            "http://purplefieldstestimage1",
            "http://purplefieldstestimage2"
        ],
        "tags": [
            {
                "id": 1,
                "name": "naughty"
            },
            {
                "id": 2,
                "name": "nice"
            }
        ],
        "status": "available"
    },
    {
        "id": 9223372036854775097,
        "category": {
            "id": 0,
            "name": "44444"
        },
        "name": "44444",
        "photoUrls": [
            "string"
        ],
        "tags": [
            {
                "id": 0,
                "name": "string"
            }
        ],
        "status": "available"
    },
    {
        "id": 571912736,
        "name": "Abbott",
        "photoUrls": [
            
        ],
        "tags": [
            
        ],
        "status": "available"
    },
    {
        "id": 9223372036854775156,
        "category": {
            "id": 0,
            "name": "string"
        },
        "name": "doggie",
        "photoUrls": [
            "string"
        ],
        "tags": [
            {
                "id": 0,
                "name": "string"
            }
        ],
        "status": "available"
    },
    {
        "id": 9223372036854775157,
        "category": {
            "id": 0,
            "name": "string"
        },
        "name": "fish",
        "photoUrls": [
            "string"
        ],
        "tags": [
            {
                "id": 0,
                "name": "string"
            }
        ],
        "status": "available"
    },
    {
        "id": 222,
        "name": "tex",
        "photoUrls": [
            
        ],
        "tags": [
            {
                "id": 21,
                "name": "tex"
            }
        ],
        "status": "available"
    },
    {
        "id": 9223372036854775168,
        "category": {
            "id": 0,
            "name": "tisiow-e"
        },
        "name": "tisiowe",
        "photoUrls": [
            "Https://google.com/1",
            "Https://google.com/2"
        ],
        "tags": [
            {
                "id": 0,
                "name": "string"
            }
        ],
        "status": "available"
    },
    {
        "id": 9223372036854775169,
        "category": {
            "id": 2,
            "name": "cat"
        },
        "name": "purplefieldstester17066499563",
        "photoUrls": [
            "http://purplefieldstestimage1",
            "http://purplefieldstestimage2"
        ],
        "tags": [
            {
                "id": 1,
                "name": "naughty"
            },
            {
                "id": 2,
                "name": "nice"
            }
        ],
        "status": "available"
    },
    {
        "id": 9223372036854775170,
        "category": {
            "id": 2,
            "name": "cat"
        },
        "name": "purplefieldstester17066499563",
        "photoUrls": [
            "http://purplefieldstestimage1",
            "http://purplefieldstestimage2"
        ],
        "tags": [
            {
                "id": 1,
                "name": "naughty"
            },
            {
                "id": 2,
                "name": "nice"
            }
        ],
        "status": "available"
    },
    {
        "id": 9223372036854775177,
        "category": {
            "id": 0,
            "name": "tisiow-e"
        },
        "name": "tisiowe",
        "photoUrls": [
            "Https://google.com/1",
            "Https://google.com/2"
        ],
        "tags": [
            {
                "id": 0,
                "name": "string"
            }
        ],
        "status": "available"
    },
    {
        "id": 9223372036854775183,
        "name": "CapybaraCapybara",
        "photoUrls": [
            "https://upload.wikimedia.org/wikipedia/commons/thumb/3/34/Hydrochoeris_hydrochaeris_in_Brazil_in_Petr%C3%B3polis%2C_Rio_de_Janeiro%2C_Brazil_09.jpg/1280px-Hydrochoeris_hydrochaeris_in_Brazil_in_Petr%C3%B3polis%2C_Rio_de_Janeiro%2C_Brazil_09.jpg"
        ],
        "tags": [
            
        ],
        "status": "available"
    },
    {
        "id": 4355,
        "category": {
            "id": 1212,
            "name": "dogs"
        },
        "name": "doggie2",
        "photoUrls": [
            "string"
        ],
        "tags": [
            {
                "id": 0,
                "name": "string"
            }
        ],
        "status": "available"
    },
    {
        "id": 66986,
        "name": "Schulist",
        "photoUrls": [
            
        ],
        "tags": [
            
        ],
        "status": "available"
    },
    {
        "id": 43555555,
        "category": {
            "id": 1212,
            "name": "dogs"
        },
        "name": "doggiepew",
        "photoUrls": [
            "string"
        ],
        "tags": [
            {
                "id": 456456,
                "name": "string"
            }
        ],
        "status": "available"
    },
    {
        "id": 11112,
        "category": {
            "id": 1212,
            "name": "dogs"
        },
        "name": "pew",
        "photoUrls": [
            "string"
        ],
        "tags": [
            {
                "id": 0,
                "name": "string"
            }
        ],
        "status": "available"
    },
    {
        "id": 9223372036854775223,
        "category": {
            "id": 0,
            "name": "string"
        },
        "name": "Puff",
        "photoUrls": [
            "string"
        ],
        "tags": [
            {
                "id": 0,
                "name": "string"
            }
        ],
        "status": "available"
    },
    {
        "id": 10001,
        "category": {
            "id": 10000,
            "name": "Cow"
        },
        "name": "murka",
        "photoUrls": [
            "String"
        ],
        "tags": [
            {
                "id": 101,
                "name": "houseAnimal"
            }
        ],
        "status": "available"
    },
    {
        "id": 9223372036854775224,
        "category": {
            "id": 0,
            "name": "string"
        },
        "name": "fish",
        "photoUrls": [
            "string"
        ],
        "tags": [
            {
                "id": 0,
                "name": "string"
            }
        ],
        "status": "available"
    },
    {
        "id": 9223372036854775204,
        "category": {
            "id": 0,
            "name": "chuca"
        },
        "name": "catty",
        "photoUrls": [
            "string"
        ],
        "tags": [
            {
                "id": 0,
                "name": "string"
            }
        ],
        "status": "available"
    },
    {
        "id": 9223372036854775226,
        "category": {
            "id": 0,
            "name": "dog"
        },
        "name": "doggie",
        "photoUrls": [
            "string"
        ],
        "tags": [
            {
                "id": 0,
                "name": "kalu"
            }
        ],
        "status": "available"
    },
    {
        "id": 9223372036854740000,
        "category": {
            "id": 10,
            "name": "ZAP"
        },
        "name": "ZAP",
        "photoUrls": [
            "John Doe"
        ],
        "tags": [
            {
                "id": 10,
                "name": "ZAP"
            }
        ],
        "status": "available"
    },
    {
        "id": 9223372036854775227,
        "category": {
            "id": 0,
            "name": "dog"
        },
        "name": "Rooni",
        "photoUrls": [
            
        ],
        "tags": [
            
        ],
        "status": "available"
    },
    {
        "id": 9223372036854775235,
        "category": {
            "id": 0,
            "name": "dog"
        },
        "name": "Rooni",
        "photoUrls": [
            
        ],
        "tags": [
            
        ],
        "status": "available"
    },
    {
        "id": 9223372036854775243,
        "category": {
            "id": 0,
            "name": "dog"
        },
        "name": "Jakie",
        "photoUrls": [
            
        ],
        "tags": [
            {
                "id": 10,
                "name": "friendly"
            }
        ],
        "status": "available"
    },
    {
        "id": 9223372036854775254,
        "name": "CapybaraCapybara",
        "photoUrls": [
            
        ],
        "tags": [
            
        ],
        "status": "available"
    },
    {
        "id": 9223372036854775256,
        "category": {
            "id": 0,
            "name": "string"
        },
        "name": "doggie",
        "photoUrls": [
            "string"
        ],
        "tags": [
            {
                "id": 0,
                "name": "string"
            }
        ],
        "status": "available"
    },
    {
        "id": 9223372036854775264,
        "category": {
            "id": 0,
            "name": "string"
        },
        "name": "dogger",
        "photoUrls": [
            "string"
        ],
        "tags": [
            {
                "id": 0,
                "name": "string"
            }
        ],
        "status": "available"
    },
    {
        "id": 9223372036854775267,
        "name": "Jack",
        "photoUrls": [
            "https://images.dog.ceo/breeds/pug/n02110958_13560.jpg"
        ],
        "tags": [
            
        ],
        "status": "available"
    },
    {
        "id": 9223372036854775268,
        "category": {
            "id": 0,
            "name": "dog"
        },
        "name": "Rookie",
        "photoUrls": [
            
        ],
        "tags": [
            {
                "id": 10,
                "name": "friendly"
            },
            {
                "id": 11,
                "name": "cute"
            }
        ],
        "status": "available"
    },
    {
        "id": 9223372036854775270,
        "category": {
            "id": 0,
            "name": "string"
        },
        "name": "doggie",
        "photoUrls": [
            "string"
        ],
        "tags": [
            {
                "id": 0,
                "name": "string"
            }
        ],
        "status": "available"
    },
    {
        "id": 9223372036854775274,
        "name": "doggie",
        "photoUrls": [
            "string"
        ],
        "tags": [
            
        ],
        "status": "available"
    },
    {
        "id": 9223372036854775275,
        "name": "doggie",
        "photoUrls": [
            "string"
        ],
        "tags": [
            
        ],
        "status": "available"
    },
    {
        "id": 9223372036854775276,
        "category": {
            "id": 0,
            "name": "dog"
        },
        "name": "Jakie",
        "photoUrls": [
            
        ],
        "tags": [
            {
                "id": 10,
                "name": "friendly"
            }
        ],
        "status": "available"
    },
    {
        "id": 9223372036854775288,
        "name": "CapybaraCapybara",
        "photoUrls": [
            
        ],
        "tags": [
            
        ],
        "status": "available"
    },
    {
        "id": 9223372036854775291,
        "category": {
            "id": 0,
            "name": "dog"
        },
        "name": "Rookie",
        "photoUrls": [
            
        ],
        "tags": [
            {
                "id": 10,
                "name": "friendly"
            },
            {
                "id": 11,
                "name": "cute"
            }
        ],
        "status": "available"
    },
    {
        "id": 9223372036854775292,
        "category": {
            "id": 0,
            "name": "dog"
        },
        "name": "Rooni",
        "photoUrls": [
            
        ],
        "tags": [
            
        ],
        "status": "available"
    },
    {
        "id": 9223372036854775298,
        "category": {
            "id": 0,
            "name": "string"
        },
        "name": "fish",
        "photoUrls": [
            "string"
        ],
        "tags": [
            {
                "id": 0,
                "name": "string"
            }
        ],
        "status": "available"
    },
    {
        "id": 9223372036854775326,
        "category": {
            "id": 0,
            "name": "string"
        },
        "name": "doggie",
        "photoUrls": [
            "string"
        ],
        "tags": [
            {
                "id": 0,
                "name": "string"
            }
        ],
        "status": "available"
    },
    {
        "id": 9223372036854775329,
        "category": {
            "id": 0,
            "name": "string"
        },
        "name": "doggie",
        "photoUrls": [
            "string"
        ],
        "tags": [
            {
                "id": 0,
                "name": "string"
            }
        ],
        "status": "available"
    },
    {
        "id": 9223372036854775331,
        "category": {
            "id": 0,
            "name": "string"
        },
        "name": "doggie",
        "photoUrls": [
            "string"
        ],
        "tags": [
            {
                "id": 0,
                "name": "string"
            }
        ],
        "status": "available"
    },
    {
        "id": 9223372036854775334,
        "category": {
            "id": 0,
            "name": "string"
        },
        "name": "dogger",
        "photoUrls": [
            "string"
        ],
        "tags": [
            {
                "id": 0,
                "name": "string"
            }
        ],
        "status": "available"
    },
    {
        "id": 999002,
        "category": {
            "id": 1,
            "name": "ane"
        },
        "name": "ane1",
        "photoUrls": [
            "ane"
        ],
        "tags": [
            {
                "id": 1,
                "name": "mammifère"
            }
        ],
        "status": "available"
    },
    {
        "id": 9223372036854775351,
        "category": {
            "id": 0,
            "name": "string"
        },
        "name": "fish",
        "photoUrls": [
            "string"
        ],
        "tags": [
            {
                "id": 0,
                "name": "string"
            }
        ],
        "status": "available"
    },
    {
        "id": 9223372036854775353,
        "category": {
            "id": 0,
            "name": "string"
        },
        "name": "doggie",
        "photoUrls": [
            "string"
        ],
        "tags": [
            {
                "id": 0,
                "name": "string"
            }
        ],
        "status": "available"
    },
    {
        "id": 9223372036854775358,
        "category": {
            "id": 0,
            "name": "string"
        },
        "name": "doggie",
        "photoUrls": [
            "string"
        ],
        "tags": [
            {
                "id": 0,
                "name": "string"
            }
        ],
        "status": "available"
    },
    {
        "id": 552238439592144640,
        "category": {
            "id": 123591738431174500,
            "name": "Dr.GwendolynRogahn"
        },
        "name": "ropwmb",
        "photoUrls": [
            "https://liquid-stuff.com"
        ],
        "tags": [
            {
                "id": 1549336714772167000,
                "name": "Dr.JosephinePowlowski"
            }
        ],
        "status": "available"
    },
    {
        "id": 9223372036854775363,
        "name": "CapybaraCapybara",
        "photoUrls": [
            
        ],
        "tags": [
            
        ],
        "status": "available"
    },
    {
        "id": 1303,
        "category": {
            "id": 0,
            "name": "string"
        },
        "name": "wewrer",
        "photoUrls": [
            "string"
        ],
        "tags": [
            {
                "id": 0,
                "name": "string"
            }
        ],
        "status": "available"
    },
    {
        "id": 533654001,
        "category": {
            "id": 2,
            "name": "hamster"
        },
        "name": "Homa",
        "photoUrls": [
            
        ],
        "tags": [
            {
                "id": 2,
                "name": "Homa"
            }
        ],
        "status": "available"
    },
    {
        "id": 9223372036854775371,
        "category": {
            "id": -74696456,
            "name": "culpa fugiat veniam cupidatat sint"
        },
        "name": "doggie",
        "photoUrls": [
            "culpa commodo",
            "Lorem in veniam qui"
        ],
        "tags": [
            {
                "id": -28973829,
                "name": "cillum eu ad adipisicing do"
            },
            {
                "id": -12934735,
                "name": "est do sint Ut sunt"
            }
        ],
        "status": "available"
    },
    {
        "id": 9223372036854775373,
        "category": {
            "id": 0,
            "name": "string"
        },
        "name": "fish",
        "photoUrls": [
            "string"
        ],
        "tags": [
            {
                "id": 0,
                "name": "string"
            }
        ],
        "status": "available"
    },
    {
        "id": 8979789078978969,
        "category": {
            "id": -20476978,
            "name": "id occaecat est"
        },
        "name": "doggie",
        "photoUrls": [
            "ad tempor id magna",
            "Duis"
        ],
        "tags": [
            {
                "id": 895601,
                "name": "magna ipsum"
            },
            {
                "id": 86688648,
                "name": "quis voluptate"
            }
        ],
        "status": "available"
    },
    {
        "id": 128,
        "category": {
            "id": 0,
            "name": "Horse"
        },
        "name": "Ahal-Teke",
        "photoUrls": [
            "string"
        ],
        "tags": [
            {
                "id": 0,
                "name": "string"
            }
        ],
        "status": "available"
    },
    {
        "id": 9223372036854775379,
        "category": {
            "id": 0,
            "name": "string"
        },
        "name": "fish",
        "photoUrls": [
            "string"
        ],
        "tags": [
            {
                "id": 0,
                "name": "string"
            }
        ],
        "status": "available"
    },
    {
        "id": 9223372036854775380,
        "name": "CapybaraCapybara",
        "photoUrls": [
            
        ],
        "tags": [
            
        ],
        "status": "available"
    },
    {
        "id": 9404,
        "category": {
            "id": 10,
            "name": "string"
        },
        "name": "doggie",
        "photoUrls": [
            "string",
            "string"
        ],
        "tags": [
            {
                "id": 4548,
                "name": "string"
            },
            {
                "id": 1135,
                "name": "string"
            }
        ],
        "status": "available"
    },
    {
        "id": 9223372036854775387,
        "category": {
            "id": 0,
            "name": "string"
        },
        "name": "doggie",
        "photoUrls": [
            "string"
        ],
        "tags": [
            {
                "id": 0,
                "name": "string"
            }
        ],
        "status": "available"
    },
    {
        "id": 9223372036854775389,
        "category": {
            "id": 0,
            "name": "Pupsik"
        },
        "name": "cat",
        "photoUrls": [
            "string"
        ],
        "tags": [
            {
                "id": 0,
                "name": "string"
            }
        ],
        "status": "available"
    },
    {
        "id": 9223372036854775392,
        "category": {
            "id": -62686793,
            "name": "officia veniam minim nostrud"
        },
        "name": "doggie",
        "photoUrls": [
            "ea dolore fugiat Lorem",
            "non est et"
        ],
        "tags": [
            {
                "id": 64497625,
                "name": "eiusmod ea"
            },
            {
                "id": 43266134,
                "name": "sint ut nisi ex"
            }
        ],
        "status": "available"
    },
    {
        "id": 1231,
        "category": {
            "id": 0,
            "name": "Cat"
        },
        "name": "Pamuk",
        "photoUrls": [
            "string"
        ],
        "tags": [
            {
                "id": 0,
                "name": "My cute cat"
            }
        ],
        "status": "available"
    },
    {
        "id": 9223372036854775397,
        "category": {
            "id": 0,
            "name": "string"
        },
        "name": "doggie",
        "photoUrls": [
            "string"
        ],
        "tags": [
            {
                "id": 0,
                "name": "string"
            }
        ],
        "status": "available"
    },
    {
        "id": 9223372036854775398,
        "name": "CapybaraCapybara",
        "photoUrls": [
            
        ],
        "tags": [
            
        ],
        "status": "available"
    },
    {
        "id": 9223372036854775400,
        "category": {
            "id": 0,
            "name": "string"
        },
        "name": "fish",
        "photoUrls": [
            "string"
        ],
        "tags": [
            {
                "id": 0,
                "name": "string"
            }
        ],
        "status": "available"
    },
    {
        "id": 9223372036854775401,
        "category": {
            "id": 0,
            "name": "wolf"
        },
        "name": "jake",
        "photoUrls": [
            "string"
        ],
        "tags": [
            {
                "id": 0,
                "name": "string"
            }
        ],
        "status": "available"
    },
    {
        "id": 9223372036854775402,
        "category": {
            "id": 0,
            "name": "iggy"
        },
        "name": "yuggy",
        "photoUrls": [
            "string"
        ],
        "tags": [
            {
                "id": 0,
                "name": "cccc"
            }
        ],
        "status": "available"
    },
    {
        "id": 9223372036854775403,
        "name": "CapybaraCapybara",
        "photoUrls": [
            
        ],
        "tags": [
            
        ],
        "status": "available"
    },
    {
        "id": 9223372036854775412,
        "category": {
            "id": 0,
            "name": "string"
        },
        "name": "fish",
        "photoUrls": [
            "string"
        ],
        "tags": [
            {
                "id": 0,
                "name": "string"
            }
        ],
        "status": "available"
    },
    {
        "id": 990,
        "category": {
            "id": 0,
            "name": "string"
        },
        "name": "doggie",
        "photoUrls": [
            "string"
        ],
        "tags": [
            {
                "id": 990,
                "name": "string"
            }
        ],
        "status": "available"
    },
    {
        "id": 4767,
        "category": {
            "id": 852,
            "name": "string"
        },
        "name": "doggie",
        "photoUrls": [
            "string",
            "string"
        ],
        "tags": [
            {
                "id": 4245,
                "name": "string"
            },
            {
                "id": 8125,
                "name": "string"
            }
        ],
        "status": "available"
    },
    {
        "id": 9223372036854775419,
        "name": "CapybaraCapybara",
        "photoUrls": [
            
        ],
        "tags": [
            
        ],
        "status": "available"
    },
    {
        "id": 9223372036854775426,
        "category": {
            "id": 0,
            "name": "string"
        },
        "name": "fish",
        "photoUrls": [
            "string"
        ],
        "tags": [
            {
                "id": 0,
                "name": "string"
            }
        ],
        "status": "available"
    },
    {
        "id": 9223372036854775440,
        "category": {
            "id": 0,
            "name": "string"
        },
        "name": "fish",
        "photoUrls": [
            "string"
        ],
        "tags": [
            {
                "id": 0,
                "name": "string"
            }
        ],
        "status": "available"
    },
    {
        "id": 9223372036854775443,
        "category": {
            "id": 0,
            "name": "string"
        },
        "name": "fish",
        "photoUrls": [
            "string"
        ],
        "tags": [
            {
                "id": 0,
                "name": "string"
            }
        ],
        "status": "available"
    },
    {
        "id": 90,
        "category": {
            "id": 1,
            "name": "Dog"
        },
        "name": "Pet90",
        "photoUrls": [
            "abc/123",
            "xyz/234"
        ],
        "tags": [
            {
                "id": 8,
                "name": "ABC23456"
            }
        ],
        "status": "available"
    },
    {
        "id": 24,
        "category": {
            "id": 2,
            "name": "Dog"
        },
        "name": "Scooby",
        "photoUrls": [
            "photourl/abc/pic.png"
        ],
        "tags": [
            {
                "id": 1,
                "name": "ABC123"
            }
        ],
        "status": "available"
    },
    {
        "id": 9223372036854775444,
        "category": {
            "id": 0,
            "name": "string"
        },
        "name": "doggie",
        "photoUrls": [
            "string"
        ],
        "tags": [
            {
                "id": 0,
                "name": "string"
            }
        ],
        "status": "available"
    },
    {
        "id": 9223372036854775445,
        "category": {
            "id": 0,
            "name": "string"
        },
        "name": "doggie",
        "photoUrls": [
            "string"
        ],
        "tags": [
            {
                "id": 0,
                "name": "string"
            }
        ],
        "status": "available"
    },
    {
        "id": 9223372036854775452,
        "category": {
            "id": 0,
            "name": "string"
        },
        "name": "doggie",
        "photoUrls": [
            "string"
        ],
        "tags": [
            {
                "id": 0,
                "name": "string"
            }
        ],
        "status": "available"
    },
    {
        "id": 9223372036854775454,
        "category": {
            "id": 0,
            "name": "Vikram"
        },
        "name": "doggie 001",
        "photoUrls": [
            "string"
        ],
        "tags": [
            {
                "id": 0,
                "name": "Jr vikram"
            }
        ],
        "status": "available"
    },
    {
        "id": 9223372036854775458,
        "category": {
            "id": 0,
            "name": "string"
        },
        "name": "fish",
        "photoUrls": [
            "string"
        ],
        "tags": [
            {
                "id": 0,
                "name": "string"
            }
        ],
        "status": "available"
    },
    {
        "id": 9223372036854775459,
        "category": {
            "id": 0,
            "name": "string"
        },
        "name": "doggie",
        "photoUrls": [
            "string"
        ],
        "tags": [
            {
                "id": 0,
                "name": "string"
            }
        ],
        "status": "available"
    },
    {
        "id": 9223372036854775460,
        "category": {
            "id": 0,
            "name": "string"
        },
        "name": "fish",
        "photoUrls": [
            "string"
        ],
        "tags": [
            {
                "id": 0,
                "name": "string"
            }
        ],
        "status": "available"
    },
    {
        "id": 9223372036854775469,
        "category": {
            "id": 0,
            "name": "string"
        },
        "name": "fish",
        "photoUrls": [
            "string"
        ],
        "tags": [
            {
                "id": 0,
                "name": "string"
            }
        ],
        "status": "available"
    },
    {
        "id": 9223372036854775545,
        "category": {
            "id": 0,
            "name": "test"
        },
        "name": "doggie",
        "photoUrls": [
            "string",
            "string"
        ],
        "tags": [
            {
                "id": 0,
                "name": "pidr"
            },
            {
                "id": 0,
                "name": "string"
            }
        ],
        "status": "available"
    },
    {
        "id": 9223372036854775546,
        "category": {
            "id": 0,
            "name": "string"
        },
        "name": "doggie",
        "photoUrls": [
            "string"
        ],
        "tags": [
            {
                "id": 0,
                "name": "string"
            }
        ],
        "status": "available"
    },
    {
        "id": 9223372036854775557,
        "category": {
            "id": 0,
            "name": "string"
        },
        "name": "doggie",
        "photoUrls": [
            "string"
        ],
        "tags": [
            {
                "id": 0,
                "name": "string"
            }
        ],
        "status": "available"
    }
]
  &amp#27;[32mThen &amp#27;[0m&amp#27;[32mresponse status code should be &amp#27;[0m&amp#27;[32m&amp#27;[1m200&amp#27;[0m                   &amp#27;[90m# stepDefinitions.PetStepDefinitions.response_status_code_should_be(java.lang.Integer)&amp#27;[0m
  &amp#27;[32mAnd &amp#27;[0m&amp#27;[32mvalidate all pets returned have status as &amp#27;[0m&amp#27;[32m&amp#27;[1m"available"&amp#27;[0m &amp#27;[90m# stepDefinitions.PetStepDefinitions.validate_all_pets_returned_have_status_as(java.lang.String)&amp#27;[0m
]]></system-out>
  </testcase>
  <testcase name="POST - Add a new pet to store - By using POJO" classname="Pets feature" time="2.229">
    <system-out><![CDATA[
@APItest @Pets @POST
Scenario: POST - Add a new pet to store - By using POJO                       &amp#27;[90m# src/test/resources/features/pet.feature:27&amp#27;[0m
src/test/resources/config.properties
  &amp#27;[32mGiven &amp#27;[0m&amp#27;[32mPetstore swagger service is available&amp#27;[0m                                 &amp#27;[90m# stepDefinitions.PetStepDefinitions.petstore_swagger_service_is_available()&amp#27;[0m
  &amp#27;[32mAnd &amp#27;[0m&amp#27;[32mendpoint to hit is &amp#27;[0m&amp#27;[32m&amp#27;[1m"/pet"&amp#27;[0m                                               &amp#27;[90m# stepDefinitions.PetStepDefinitions.endpoint_to_hit_is(java.lang.String)&amp#27;[0m
  &amp#27;[32mWhen &amp#27;[0m&amp#27;[32mI add new pet to the store from pet-factory&amp#27;[0m                            &amp#27;[90m# stepDefinitions.PetStepDefinitions.I_add_new_pet_to_the_store_from_pet_factory()&amp#27;[0m
HTTP/1.1 200 OK
Date: Thu, 28 Aug 2025 13:24:38 GMT
Content-Type: application/json
Transfer-Encoding: chunked
Connection: keep-alive
Access-Control-Allow-Origin: *
Access-Control-Allow-Methods: GET, POST, DELETE, PUT
Access-Control-Allow-Headers: Content-Type, api_key, Authorization
Server: Jetty(9.2.9.v20150224)

{
    "id": 19,
    "category": {
        "id": 4,
        "name": "Dog"
    },
    "name": "Pet19",
    "photoUrls": [
        "abc/123",
        "xyz/234"
    ],
    "tags": [
        {
            "id": 4,
            "name": "ABC23456"
        }
    ],
    "status": "available"
}
  &amp#27;[32mThen &amp#27;[0m&amp#27;[32mresponse status code should be &amp#27;[0m&amp#27;[32m&amp#27;[1m200&amp#27;[0m                                     &amp#27;[90m# stepDefinitions.PetStepDefinitions.response_status_code_should_be(java.lang.Integer)&amp#27;[0m
  &amp#27;[32mAnd &amp#27;[0m&amp#27;[32mresponse body matches the expected schema &amp#27;[0m&amp#27;[32m&amp#27;[1m"schemas/postPet-schema.json"&amp#27;[0m &amp#27;[90m# stepDefinitions.PetStepDefinitions.response_body_matches_the_expected_schema(java.lang.String)&amp#27;[0m
]]></system-out>
  </testcase>
  <testcase name="POST - Add a new pet to store - By using JSON" classname="Pets feature" time="1.498">
    <system-out><![CDATA[
@APItest @Pets @POST
Scenario: POST - Add a new pet to store - By using JSON                       &amp#27;[90m# src/test/resources/features/pet.feature:35&amp#27;[0m
src/test/resources/config.properties
  &amp#27;[32mGiven &amp#27;[0m&amp#27;[32mPetstore swagger service is available&amp#27;[0m                                 &amp#27;[90m# stepDefinitions.PetStepDefinitions.petstore_swagger_service_is_available()&amp#27;[0m
  &amp#27;[32mAnd &amp#27;[0m&amp#27;[32mendpoint to hit is &amp#27;[0m&amp#27;[32m&amp#27;[1m"/pet"&amp#27;[0m                                               &amp#27;[90m# stepDefinitions.PetStepDefinitions.endpoint_to_hit_is(java.lang.String)&amp#27;[0m
  &amp#27;[32mWhen &amp#27;[0m&amp#27;[32mI add new pet to the store from json file &amp#27;[0m&amp#27;[32m&amp#27;[1m"pet/PetRequest.json"&amp#27;[0m        &amp#27;[90m# stepDefinitions.PetStepDefinitions.I_add_new_pet_to_the_store_from_json_file(java.lang.String)&amp#27;[0m
HTTP/1.1 200 OK
Date: Thu, 28 Aug 2025 13:24:40 GMT
Content-Type: application/json
Transfer-Encoding: chunked
Connection: keep-alive
Access-Control-Allow-Origin: *
Access-Control-Allow-Methods: GET, POST, DELETE, PUT
Access-Control-Allow-Headers: Content-Type, api_key, Authorization
Server: Jetty(9.2.9.v20150224)

{
    "id": 24,
    "category": {
        "id": 2,
        "name": "Dog"
    },
    "name": "Scooby",
    "photoUrls": [
        "photourl/abc/pic.png"
    ],
    "tags": [
        {
            "id": 1,
            "name": "ABC123"
        }
    ],
    "status": "available"
}
  &amp#27;[32mThen &amp#27;[0m&amp#27;[32mresponse status code should be &amp#27;[0m&amp#27;[32m&amp#27;[1m200&amp#27;[0m                                     &amp#27;[90m# stepDefinitions.PetStepDefinitions.response_status_code_should_be(java.lang.Integer)&amp#27;[0m
  &amp#27;[32mAnd &amp#27;[0m&amp#27;[32mresponse body matches the expected schema &amp#27;[0m&amp#27;[32m&amp#27;[1m"schemas/postPet-schema.json"&amp#27;[0m &amp#27;[90m# stepDefinitions.PetStepDefinitions.response_body_matches_the_expected_schema(java.lang.String)&amp#27;[0m
]]></system-out>
  </testcase>
</testsuite>